2026-07-14 11:46:38,912 INFO:main.py:246:print_splash_screen:PDB2PQR v3.7.1: biomolecular structure conversion software.
2026-07-14 11:46:38,912 INFO:main.py:248:print_splash_screen:Please cite:  Jurrus E, et al.  Improvements to the APBS biomolecular solvation software suite.  Protein Sci 27 112-128 (2018).
2026-07-14 11:46:38,912 INFO:main.py:248:print_splash_screen:Please cite:  Dolinsky TJ, et al.  PDB2PQR: expanding and upgrading automated preparation of biomolecular structures for molecular simulations. Nucleic Acids Res 35 W522-W525 (2007).
2026-07-14 11:46:38,912 INFO:main.py:770:main_driver:Checking and transforming input arguments.
2026-07-14 11:46:38,912 INFO:main.py:774:main_driver:Loading topology files.
2026-07-14 11:46:38,943 INFO:main.py:776:main_driver:Loading molecule: EPH_relaxed_0001_pdb2pqr_64.pdb
2026-07-14 11:46:39,004 INFO:main.py:781:main_driver:Setting up molecule.
2026-07-14 11:46:39,018 INFO:main.py:423:setup_molecule:Created biomolecule object with 316 residues and 2530 atoms.
2026-07-14 11:46:39,018 INFO:main.py:785:main_driver:Setting termini states for biomolecule chains.
2026-07-14 11:46:39,022 INFO:main.py:616:non_trivial:Loading forcefield.
2026-07-14 11:46:39,026 INFO:main.py:620:non_trivial:Loading hydrogen topology definitions.
2026-07-14 11:46:39,027 INFO:main.py:474:is_repairable:This biomolecule is clean.  No repair needed.
2026-07-14 11:46:39,028 INFO:main.py:635:non_trivial:Updating disulfide bridges.
2026-07-14 11:46:39,028 INFO:main.py:638:non_trivial:Debumping biomolecule.
2026-07-14 11:46:39,127 INFO:main.py:645:non_trivial:Assigning titration states with PROPKA.
2026-07-14 11:46:39,136 INFO:output.py:74:print_header:
propka3.5.1                                                                                  2026-07-14

-------------------------------------------------------------------------------
--                                                                           --
--  PROPKA: A PROTEIN PKA PREDICTOR                                          --
--                                                                           --
--  VERSION 1.0,  04/25/2004,  IOWA CITY                                     --
--  BY HUI LI                                                                --
--                                                                           --
--  VERSION 2.0,  11/05/2007, IOWA CITY/COPENHAGEN                           --
--  BY DELPHINE C. BAS AND DAVID M. ROGERS                                   --
--                                                                           --
--  VERSION 3.0,  01/06/2011, COPENHAGEN                                     --
--  BY MATS H.M. OLSSON AND CHRESTEN R. SONDERGARD                           --
--                                                                           --
--  VERSION 3.1,  07/01/2011, COPENHAGEN                                     --
--  BY CHRESTEN R. SONDERGARD AND MATS H.M. OLSSON                           --
--                                                                           --
--  VERSION 3.2,  06/17/2020, PLANET EARTH                                   --
--  SEE ABOVE FOR AUTHORS                                                    --
--                                                                           --
-------------------------------------------------------------------------------


-------------------------------------------------------------------------------
References:

Very Fast Empirical Prediction and Rationalization of Protein pKa Values.
Hui Li, Andrew D. Robertson and Jan H. Jensen. PROTEINS: Structure, Function,
and Bioinformatics. 61:704-721 (2005)

Very Fast Prediction and Rationalization of pKa Values for Protein-Ligand
Complexes.  Delphine C. Bas, David M. Rogers and Jan H. Jensen.  PROTEINS:
Structure, Function, and Bioinformatics 73:765-783 (2008)

PROPKA3: Consistent Treatment of Internal and Surface Residues in Empirical
pKa predictions.  Mats H.M. Olsson, Chresten R. Sondergard, Michal Rostkowski,
and Jan H. Jensen.  Journal of Chemical Theory and Computation, 7(2):525-537
(2011)

Improved Treatment of Ligands and Coupling Effects in Empirical Calculation
and Rationalization of pKa Values.  Chresten R. Sondergaard, Mats H.M. Olsson,
Michal Rostkowski, and Jan H. Jensen.  Journal of Chemical Theory and
Computation, (2011)
-------------------------------------------------------------------------------



2026-07-14 11:46:39,240 WARNING:group.py:385:set_interaction_atoms:Missing atoms or failed protonation for HIS 125 A (HIS) -- please check the structure
2026-07-14 11:46:39,240 WARNING:group.py:386:set_interaction_atoms:Group (HIS) for   982-  CG   125-HIS (A) [  -3.051    5.356    6.417] C
2026-07-14 11:46:39,240 WARNING:group.py:393:set_interaction_atoms:Expected 4 interaction atoms for acids, found:
2026-07-14 11:46:39,240 WARNING:group.py:397:set_interaction_atoms:                 0- HD1   125-HIS (A) [  -3.644    7.215    7.268] H
2026-07-14 11:46:39,240 WARNING:group.py:397:set_interaction_atoms:               986- NE2   125-HIS (A) [  -1.196    5.318    7.590] N
2026-07-14 11:46:39,240 WARNING:group.py:397:set_interaction_atoms:               983- ND1   125-HIS (A) [  -2.959    6.474    7.218] N
2026-07-14 11:46:39,240 WARNING:group.py:400:set_interaction_atoms:Expected 2 interaction atoms for bases, found:
2026-07-14 11:46:39,240 WARNING:group.py:404:set_interaction_atoms:               986- NE2   125-HIS (A) [  -1.196    5.318    7.590] N
2026-07-14 11:46:39,240 WARNING:group.py:404:set_interaction_atoms:               983- ND1   125-HIS (A) [  -2.959    6.474    7.218] N
2026-07-14 11:46:39,311 INFO:conformation_container.py:124:find_covalently_coupled_groups:Coupling map:

2026-07-14 11:46:39,311 INFO:conformation_container.py:213:calculate_pka:Calculating pKas for Conformation container 1A with 2980 atoms and 760 groups
2026-07-14 11:46:39,904 INFO:output.py:225:print_pka_section:pKa determinants:

---------  -----   ------   ---------------------    --------------    --------------    --------------
                            DESOLVATION  EFFECTS       SIDECHAIN          BACKBONE        COULOMBIC
 RESIDUE    pKa    BURIED     REGULAR      RE        HYDROGEN BOND     HYDROGEN BOND      INTERACTION
---------  -----   ------   ---------   ---------    --------------    --------------    --------------

ASP   2 A   3.69     0 %    0.11  135   0.00    0    0.00 XXX   0 X    0.00 XXX   0 X   -0.22 N+    1 A

ASP  58 A   2.77   100 %    3.78  576   0.69    0   -1.60 HIS  17 A   -0.85 TRP  37 A   -0.23 LYS 217 A
ASP  58 A                                            0.00 XXX   0 X   -0.79 ASP  64 A   -0.12 HIS   6 A
ASP  58 A                                            0.00 XXX   0 X    0.00 XXX   0 X   -1.00 HIS  17 A
ASP  58 A                                            0.00 XXX   0 X    0.00 XXX   0 X   -0.91 HIS  31 A

ASP  64 A   3.29    32 %    0.94  370   0.00    0   -0.85 LYS 217 A    0.00 XXX   0 X   -0.09 HIS   6 A
ASP  64 A                                            0.00 XXX   0 X    0.00 XXX   0 X   -0.41 HIS  17 A
ASP  64 A                                            0.00 XXX   0 X    0.00 XXX   0 X    0.40 ASP  58 A
ASP  64 A                                            0.00 XXX   0 X    0.00 XXX   0 X   -0.51 LYS 217 A

ASP  66 A   3.34     6 %    0.53  297   0.04    0    0.00 XXX   0 X   -0.84 LYS  15 A   -0.17 LYS  15 A
ASP  66 A                                            0.00 XXX   0 X    0.00 XXX   0 X   -0.03 ARG  60 A

ASP  82 A   5.12    79 %    3.27  503   1.36    0   -0.79 ASN  12 A    0.00 XXX   0 X    0.01 ASP  66 A
ASP  82 A                                           -1.55 ARG  60 A    0.00 XXX   0 X   -0.17 HIS  78 A
ASP  82 A                                            0.00 XXX   0 X    0.00 XXX   0 X   -0.82 ARG  60 A

ASP  88 A   3.08     0 %    0.41  277   0.00    0   -0.64 ARG 117 A    0.00 XXX   0 X   -0.13 ARG 114 A
ASP  88 A                                            0.00 XXX   0 X    0.00 XXX   0 X    0.02 ASP 116 A
ASP  88 A                                            0.00 XXX   0 X    0.00 XXX   0 X   -0.39 ARG 117 A

ASP 101 A   3.38   100 %    3.22  711   0.51    0   -1.60 HIS 295 A   -0.74 PHE  33 A   -0.04 HIS  31 A
ASP 101 A                                            0.00 XXX   0 X   -0.26 TRP 102 A    0.37 ASP 260 A
ASP 101 A                                            0.00 XXX   0 X    0.00 XXX   0 X    0.62 GLU  35 A
ASP 101 A                                            0.00 XXX   0 X    0.00 XXX   0 X   -0.98 HIS 100 A
ASP 101 A                                            0.00 XXX   0 X    0.00 XXX   0 X   -1.51 HIS 295 A

ASP 116 A   1.82     1 %    0.59  283   0.00    0   -1.59 ARG 114 A   -0.34 ASP 116 A   -0.10 LYS  94 A
ASP 116 A                                            0.00 XXX   0 X    0.00 XXX   0 X   -0.16 ARG 117 A
ASP 116 A                                            0.00 XXX   0 X    0.00 XXX   0 X   -0.39 ARG 114 A

ASP 147 A   3.31     0 %    0.28  244   0.00    0   -0.51 ARG 142 A    0.00 XXX   0 X   -0.26 ARG 142 A

ASP 148 A   4.32     0 %    0.42  265   0.00    0    0.00 XXX   0 X    0.00 XXX   0 X   -0.13 ARG 153 A
ASP 148 A                                            0.00 XXX   0 X    0.00 XXX   0 X    0.09 ASP 147 A
ASP 148 A                                            0.00 XXX   0 X    0.00 XXX   0 X    0.14 GLU 190 A

ASP 163 A   4.13    36 %    1.44  383   0.21    0    0.00 XXX   0 X   -0.84 PHE 193 A   -0.23 ARG 153 A
ASP 163 A                                            0.00 XXX   0 X   -0.07 ARG 194 A   -0.00 LYS 189 A
ASP 163 A                                            0.00 XXX   0 X    0.00 XXX   0 X   -0.17 ARG 194 A

ASP 168 A   3.19     3 %    0.43  291   0.00    0    0.00 XXX   0 X   -0.18 ALA 170 A   -0.06 LYS 174 A
ASP 168 A                                            0.00 XXX   0 X   -0.69 GLN 171 A   -0.11 LYS 219 A

ASP 210 A   2.50    45 %    1.70  406   0.29    0   -0.84 THR 207 A   -0.79 THR 207 A   -0.21 HIS  42 A
ASP 210 A                                           -0.50 TYR  38 A    0.00 XXX   0 X   -0.81 ARG  41 A
ASP 210 A                                           -0.12 ARG  41 A    0.00 XXX   0 X    0.00 XXX   0 X

ASP 234 A   4.82    45 %    1.91  408   0.00    0    0.00 XXX   0 X   -0.03 PHE 137 A   -0.12 ARG 142 A
ASP 234 A                                            0.00 XXX   0 X   -0.84 ILE 138 A    0.09 GLU 139 A
ASP 234 A                                            0.00 XXX   0 X    0.00 XXX   0 X    0.01 GLU 238 A

ASP 258 A   2.64    11 %    0.84  311   0.13    0   -0.22 SER 259 A   -0.08 ASP 258 A   -0.06 ARG 180 A
ASP 258 A                                            0.00 XXX   0 X   -0.08 SER 259 A   -0.04 LYS 269 A
ASP 258 A                                            0.00 XXX   0 X   -0.77 ASP 292 A   -0.05 LYS 291 A
ASP 258 A                                            0.00 XXX   0 X   -0.65 ALA 293 A   -0.09 ARG 301 A
ASP 258 A                                            0.00 XXX   0 X    0.00 XXX   0 X   -0.07 HIS 264 A

ASP 260 A   0.09   100 %    4.30  588   0.70    0   -0.47 THR 262 A   -0.65 THR 262 A   -0.09 HIS 264 A
ASP 260 A                                           -1.60 HIS 125 A    0.00 XXX   0 X   -0.54 HIS 100 A
ASP 260 A                                           -1.60 HIS 295 A    0.00 XXX   0 X   -1.78 HIS 125 A
ASP 260 A                                            0.00 XXX   0 X    0.00 XXX   0 X   -1.97 HIS 295 A

ASP 280 A   4.16    29 %    1.08  362   0.23    0   -0.76 TYR 271 A    0.00 XXX   0 X   -0.18 LYS 279 A

ASP 292 A   3.94     0 %    0.18  186   0.00    0    0.00 XXX   0 X    0.00 XXX   0 X   -0.07 ARG 180 A
ASP 292 A                                            0.00 XXX   0 X    0.00 XXX   0 X   -0.07 LYS 291 A
ASP 292 A                                            0.00 XXX   0 X    0.00 XXX   0 X   -0.12 ARG 301 A
ASP 292 A                                            0.00 XXX   0 X    0.00 XXX   0 X    0.22 ASP 258 A

ASP 311 A   3.67     0 %    0.31  279   0.00    0    0.00 XXX   0 X    0.00 XXX   0 X   -0.15 LYS 253 A
ASP 311 A                                            0.00 XXX   0 X    0.00 XXX   0 X   -0.04 LYS 315 A
ASP 311 A                                            0.00 XXX   0 X    0.00 XXX   0 X    0.04 GLU 286 A
ASP 311 A                                            0.00 XXX   0 X    0.00 XXX   0 X   -0.11 HIS 308 A
ASP 311 A                                            0.00 XXX   0 X    0.00 XXX   0 X   -0.19 HIS 310 A

GLU   5 A   4.58     0 %    0.16  228   0.00    0    0.00 XXX   0 X    0.00 XXX   0 X   -0.07 ARG  53 A
GLU   5 A                                            0.00 XXX   0 X    0.00 XXX   0 X   -0.01 HIS   6 A

GLU  35 A   1.85   100 %    3.93  700   0.37    0   -0.69 SER  39 A   -0.77 GLY  32 A   -0.08 ARG  41 A
GLU  35 A                                           -0.09 GLN 299 A    0.00 XXX   0 X   -0.44 HIS 125 A
GLU  35 A                                           -1.60 HIS 100 A    0.00 XXX   0 X   -0.68 HIS  31 A
GLU  35 A                                            0.00 XXX   0 X    0.00 XXX   0 X   -2.03 HIS 100 A
GLU  35 A                                            0.00 XXX   0 X    0.00 XXX   0 X   -0.56 HIS 295 A

GLU  89 A   4.70     0 %    0.19  202   0.00    0    0.00 XXX   0 X    0.00 XXX   0 X    0.01 ASP  88 A

GLU  93 A   4.37     0 %    0.16  183   0.00    0    0.00 XXX   0 X    0.00 XXX   0 X   -0.19 LYS  94 A
GLU  93 A                                            0.00 XXX   0 X    0.00 XXX   0 X   -0.08 ARG 117 A
GLU  93 A                                            0.00 XXX   0 X    0.00 XXX   0 X   -0.04 LYS 119 A
GLU  93 A                                            0.00 XXX   0 X    0.00 XXX   0 X    0.02 ASP 116 A

GLU 139 A   4.00     0 %    0.30  236   0.00    0   -0.61 ARG 142 A    0.00 XXX   0 X    0.08 ASP 147 A
GLU 139 A                                            0.00 XXX   0 X    0.00 XXX   0 X   -0.27 ARG 142 A

GLU 159 A   3.54     0 %    0.43  271   0.00    0   -0.85 LYS 189 A    0.00 XXX   0 X   -0.14 ARG 153 A
GLU 159 A                                            0.00 XXX   0 X    0.00 XXX   0 X   -0.02 ARG 231 A
GLU 159 A                                            0.00 XXX   0 X    0.00 XXX   0 X    0.01 GLU 161 A
GLU 159 A                                            0.00 XXX   0 X    0.00 XXX   0 X   -0.38 LYS 189 A

GLU 161 A   2.61    43 %    1.71  402   0.10    0   -0.67 THR 224 A   -0.36 GLY 158 A   -0.62 ARG 231 A
GLU 161 A                                           -1.45 ARG 231 A   -0.60 GLU 161 A    0.00 XXX   0 X

GLU 162 A   4.71     0 %    0.17  190   0.00    0    0.00 XXX   0 X    0.00 XXX   0 X   -0.07 LYS 189 A
GLU 162 A                                            0.00 XXX   0 X    0.00 XXX   0 X    0.08 GLU 159 A
GLU 162 A                                            0.00 XXX   0 X    0.00 XXX   0 X    0.04 GLU 161 A

GLU 190 A   3.83     0 %    0.23  172   0.00    0    0.00 XXX   0 X   -0.74 GLU 190 A   -0.07 ARG 153 A
GLU 190 A                                            0.00 XXX   0 X    0.00 XXX   0 X   -0.07 LYS 189 A
GLU 190 A                                            0.00 XXX   0 X    0.00 XXX   0 X   -0.02 ARG 194 A

GLU 200 A   4.56     0 %    0.06   93   0.00    0    0.00 XXX   0 X    0.00 XXX   0 X    0.00 XXX   0 X

GLU 208 A   3.72     0 %    0.45  254   0.00    0   -0.85 LYS 174 A    0.00 XXX   0 X   -0.38 LYS 174 A

GLU 209 A   4.74     0 %    0.16  222   0.00    0    0.00 XXX   0 X    0.00 XXX   0 X   -0.02 N+    1 A
GLU 209 A                                            0.00 XXX   0 X    0.00 XXX   0 X   -0.02 ARG  41 A
GLU 209 A                                            0.00 XXX   0 X    0.00 XXX   0 X    0.13 ASP 210 A

GLU 238 A   4.67     0 %    0.19  235   0.00    0    0.00 XXX   0 X    0.00 XXX   0 X   -0.03 ARG 131 A

GLU 270 A   4.00     0 %    0.29  210   0.00    0    0.00 XXX   0 X   -0.68 GLU 270 A   -0.07 LYS 269 A
GLU 270 A                                            0.00 XXX   0 X    0.00 XXX   0 X   -0.04 HIS 273 A

GLU 285 A   4.01     9 %    0.62  306   0.03    0   -0.71 LYS 315 A    0.00 XXX   0 X   -0.03 LYS 253 A
GLU 285 A                                            0.00 XXX   0 X    0.00 XXX   0 X   -0.06 LYS 278 A
GLU 285 A                                            0.00 XXX   0 X    0.00 XXX   0 X    0.05 GLU 286 A
GLU 285 A                                            0.00 XXX   0 X    0.00 XXX   0 X   -0.39 LYS 315 A

GLU 286 A   3.47    20 %    0.76  337   0.00    0   -0.85 LYS 253 A    0.00 XXX   0 X   -0.18 LYS 315 A
GLU 286 A                                            0.00 XXX   0 X    0.00 XXX   0 X   -0.24 HIS 308 A
GLU 286 A                                            0.00 XXX   0 X    0.00 XXX   0 X   -0.52 LYS 253 A

GLU 300 A   4.30    48 %    1.64  417   0.29    0   -0.79 ARG 180 A   -0.84 CYS 294 A   -0.17 ARG 301 A
GLU 300 A                                            0.00 XXX   0 X    0.00 XXX   0 X    0.07 ASP 258 A
GLU 300 A                                            0.00 XXX   0 X    0.00 XXX   0 X    0.02 ASP 260 A
GLU 300 A                                            0.00 XXX   0 X    0.00 XXX   0 X    0.03 ASP 292 A
GLU 300 A                                            0.00 XXX   0 X    0.00 XXX   0 X   -0.46 ARG 180 A

GLU 304 A   4.12    22 %    0.80  342   0.00    0   -0.02 HIS 308 A    0.00 XXX   0 X   -0.01 LYS 253 A
GLU 304 A                                           -0.48 ARG 301 A    0.00 XXX   0 X    0.01 ASP 258 A
GLU 304 A                                            0.00 XXX   0 X    0.00 XXX   0 X   -0.27 HIS 308 A
GLU 304 A                                            0.00 XXX   0 X    0.00 XXX   0 X   -0.42 ARG 301 A

C-  316 A   3.31     0 %    0.30  263   0.00    0    0.00 XXX   0 X   -0.00 PHE 316 A   -0.19 LYS 119 A

HIS   6 A   5.18    33 %   -1.05  373   0.00    0    0.00 XXX   0 X    0.00 XXX   0 X   -0.01 N+    1 A
HIS   6 A                                            0.00 XXX   0 X    0.00 XXX   0 X   -0.07 LYS 217 A
HIS   6 A                                            0.00 XXX   0 X    0.00 XXX   0 X    0.01 GLU   5 A
HIS   6 A                                            0.00 XXX   0 X    0.00 XXX   0 X   -0.42 HIS  17 A
HIS   6 A                                            0.00 XXX   0 X    0.00 XXX   0 X    0.12 ASP  58 A
HIS   6 A                                            0.00 XXX   0 X    0.00 XXX   0 X    0.09 ASP  64 A

HIS  17 A   7.38    66 %   -1.94  467   0.00    0    1.60 ASP  58 A    0.00 XXX   0 X   -0.19 LYS 217 A
HIS  17 A                                            0.00 XXX   0 X    0.00 XXX   0 X    0.41 ASP  64 A
HIS  17 A                                            0.00 XXX   0 X    0.00 XXX   0 X    1.00 ASP  58 A

HIS  31 A   5.15   100 %   -3.69  706   0.00    0    0.00 XXX   0 X    0.80 GLY  32 A   -0.10 HIS 100 A
HIS  31 A                                            0.00 XXX   0 X    0.00 XXX   0 X    0.04 ASP 101 A
HIS  31 A                                            0.00 XXX   0 X    0.00 XXX   0 X    0.68 GLU  35 A
HIS  31 A                                            0.00 XXX   0 X    0.00 XXX   0 X    0.91 ASP  58 A

HIS  42 A   4.47    63 %   -1.47  457   0.00    0    0.00 XXX   0 X    0.00 XXX   0 X   -0.00 N+    1 A
HIS  42 A                                            0.00 XXX   0 X    0.00 XXX   0 X   -0.77 ARG  41 A
HIS  42 A                                            0.00 XXX   0 X    0.00 XXX   0 X    0.21 ASP 210 A

HIS  78 A   5.36    35 %   -0.96  378   0.00    0    0.00 XXX   0 X    0.00 XXX   0 X   -0.34 ARG  60 A
HIS  78 A                                            0.00 XXX   0 X    0.00 XXX   0 X    0.17 ASP  82 A

HIS 100 A   6.75   100 %   -4.06  709   0.00    0    1.60 GLU  35 A    0.05 HIS 100 A   -1.47 HIS 295 A
HIS 100 A                                            0.00 XXX   0 X    0.58 HIS 295 A    2.03 GLU  35 A
HIS 100 A                                            0.00 XXX   0 X    0.00 XXX   0 X    0.98 ASP 101 A
HIS 100 A                                            0.00 XXX   0 X    0.00 XXX   0 X    0.54 ASP 260 A

HIS 125 A   2.32   100 %   -4.38  672   0.00    0    1.60 ASP 260 A    0.00 XXX   0 X    0.44 GLU  35 A
HIS 125 A                                            0.00 XXX   0 X    0.00 XXX   0 X   -2.03 HIS 100 A
HIS 125 A                                            0.00 XXX   0 X    0.00 XXX   0 X   -1.58 HIS 295 A
HIS 125 A                                            0.00 XXX   0 X    0.00 XXX   0 X    1.78 ASP 260 A

HIS 264 A   6.37    16 %   -0.73  325   0.00    0    0.00 XXX   0 X    0.84 ASP 258 A   -0.41 LYS 269 A
HIS 264 A                                            0.00 XXX   0 X    0.00 XXX   0 X    0.07 ASP 258 A
HIS 264 A                                            0.00 XXX   0 X    0.00 XXX   0 X    0.09 ASP 260 A

HIS 273 A   6.15    21 %   -0.78  339   0.00    0    0.00 XXX   0 X    0.45 LYS 269 A   -0.05 LYS 269 A
HIS 273 A                                            0.00 XXX   0 X    0.00 XXX   0 X    0.04 GLU 270 A

HIS 295 A  10.63   100 %   -3.11  659   0.00    0    1.60 ASP 101 A    0.00 XXX   0 X    0.56 GLU  35 A
HIS 295 A                                            1.60 ASP 260 A    0.00 XXX   0 X    1.51 ASP 101 A
HIS 295 A                                            0.00 XXX   0 X    0.00 XXX   0 X    1.97 ASP 260 A

HIS 308 A   5.27    48 %   -1.28  415   0.00    0    0.02 GLU 304 A    0.00 XXX   0 X   -0.59 LYS 253 A
HIS 308 A                                            0.00 XXX   0 X    0.00 XXX   0 X   -0.01 ARG 301 A
HIS 308 A                                            0.00 XXX   0 X    0.00 XXX   0 X    0.24 GLU 286 A
HIS 308 A                                            0.00 XXX   0 X    0.00 XXX   0 X    0.27 GLU 304 A
HIS 308 A                                            0.00 XXX   0 X    0.00 XXX   0 X    0.11 ASP 311 A

HIS 310 A   6.03    15 %   -0.66  322   0.00    0    0.00 XXX   0 X    0.00 XXX   0 X    0.19 ASP 311 A

CYS 111 A  12.80   100 %    3.83  600   0.00    0    0.00 XXX   0 X   -0.03 CYS 111 A    0.00 XXX   0 X

CYS 152 A  10.81    38 %    1.81  389   0.00    0    0.00 XXX   0 X    0.00 XXX   0 X   -0.41 ARG 142 A
CYS 152 A                                            0.00 XXX   0 X    0.00 XXX   0 X   -0.00 ARG 153 A
CYS 152 A                                            0.00 XXX   0 X    0.00 XXX   0 X    0.08 GLU 139 A
CYS 152 A                                            0.00 XXX   0 X    0.00 XXX   0 X    0.18 ASP 147 A
CYS 152 A                                            0.00 XXX   0 X    0.00 XXX   0 X    0.02 ASP 148 A
CYS 152 A                                            0.00 XXX   0 X    0.00 XXX   0 X    0.06 CYS 186 A
CYS 152 A                                            0.00 XXX   0 X    0.00 XXX   0 X    0.06 ASP 234 A

CYS 178 A  11.03    49 %    2.07  418   0.00    0    0.00 XXX   0 X    0.00 XXX   0 X   -0.07 LYS 174 A
CYS 178 A                                            0.00 XXX   0 X    0.00 XXX   0 X   -0.02 ARG 180 A
CYS 178 A                                            0.00 XXX   0 X    0.00 XXX   0 X    0.04 GLU 208 A
CYS 178 A                                            0.00 XXX   0 X    0.00 XXX   0 X    0.01 GLU 300 A

CYS 186 A  10.04    15 %    0.94  324   0.00    0    0.00 XXX   0 X    0.00 XXX   0 X    0.10 ASP 148 A

CYS 294 A  10.99    43 %    1.70  402   0.00    0    0.00 XXX   0 X    0.00 XXX   0 X   -0.50 ARG 180 A
CYS 294 A                                            0.00 XXX   0 X    0.00 XXX   0 X   -0.01 ARG 301 A
CYS 294 A                                            0.00 XXX   0 X    0.00 XXX   0 X    0.12 ASP 258 A
CYS 294 A                                            0.00 XXX   0 X    0.00 XXX   0 X    0.16 ASP 260 A
CYS 294 A                                            0.00 XXX   0 X    0.00 XXX   0 X    0.02 ASP 292 A
CYS 294 A                                            0.00 XXX   0 X    0.00 XXX   0 X    0.50 GLU 300 A

TYR  38 A  12.28    51 %    1.55  424   0.00    0    0.50 ASP 210 A    0.00 XXX   0 X   -0.63 ARG  41 A
TYR  38 A                                            0.00 XXX   0 X    0.00 XXX   0 X    0.25 GLU 209 A
TYR  38 A                                            0.00 XXX   0 X    0.00 XXX   0 X    0.60 ASP 210 A

TYR  46 A  10.70     8 %    0.56  305   0.00    0    0.00 XXX   0 X    0.00 XXX   0 X    0.14 ASP 311 A

TYR  52 A  11.24    24 %    1.07  348   0.00    0    0.00 XXX   0 X    0.00 XXX   0 X    0.01 ASP 311 A
TYR  52 A                                            0.00 XXX   0 X    0.00 XXX   0 X    0.14 C-  316 A
TYR  52 A                                            0.00 XXX   0 X    0.00 XXX   0 X    0.02 TYR  46 A

TYR  62 A  14.92   100 %    4.13  691   0.00    0    0.00 XXX   0 X    0.00 XXX   0 X    0.20 GLU  35 A
TYR  62 A                                            0.00 XXX   0 X    0.00 XXX   0 X    0.07 TYR  74 A
TYR  62 A                                            0.00 XXX   0 X    0.00 XXX   0 X    0.51 ASP 101 A

TYR  74 A  11.65    63 %    2.83  459   0.00    0   -0.85 SER  67 A    0.00 XXX   0 X   -0.20 ARG  60 A
TYR  74 A                                           -0.20 ASN 228 A    0.00 XXX   0 X    0.02 ASP  66 A
TYR  74 A                                            0.00 XXX   0 X    0.00 XXX   0 X    0.05 ASP  82 A
TYR  74 A                                            0.00 XXX   0 X    0.00 XXX   0 X   -0.01 ARG 231 A

TYR 109 A  12.99    95 %    3.07  547   0.00    0   -0.02 THR 240 A    0.00 XXX   0 X   -0.06 ARG 131 A

TYR 150 A  13.89   100 %    2.75  628   0.00    0   -0.04 TYR 230 A    0.00 XXX   0 X    0.15 ASP 260 A
TYR 150 A                                            0.00 XXX   0 X    0.00 XXX   0 X    1.03 ASP 101 A

TYR 213 A  12.69    65 %    2.29  462   0.00    0   -0.57 TRP  37 A    0.00 XXX   0 X    0.28 ASP  64 A
TYR 213 A                                            0.00 XXX   0 X    0.00 XXX   0 X    0.17 TYR  38 A
TYR 213 A                                            0.00 XXX   0 X    0.00 XXX   0 X    0.52 ASP  58 A

TYR 214 A  13.44   100 %    4.20  613   0.00    0   -0.85 SER  39 A    0.00 XXX   0 X   -1.42 ARG  41 A
TYR 214 A                                           -0.18 ARG  41 A    0.00 XXX   0 X    0.01 ASP  58 A
TYR 214 A                                           -0.12 GLN 299 A    0.00 XXX   0 X    0.34 ASP 210 A
TYR 214 A                                            0.00 XXX   0 X    0.00 XXX   0 X    0.33 TYR  38 A
TYR 214 A                                            0.00 XXX   0 X    0.00 XXX   0 X    0.12 TYR 213 A
TYR 214 A                                            0.00 XXX   0 X    0.00 XXX   0 X    1.01 GLU  35 A

TYR 229 A  16.10   100 %    4.42  644   0.00    0    0.00 XXX   0 X    0.00 XXX   0 X   -0.33 ARG  60 A
TYR 229 A                                            0.00 XXX   0 X    0.00 XXX   0 X    0.97 TYR  62 A
TYR 229 A                                            0.00 XXX   0 X    0.00 XXX   0 X    0.48 TYR  74 A
TYR 229 A                                            0.00 XXX   0 X    0.00 XXX   0 X    0.56 ASP  82 A

TYR 230 A  17.71   100 %    4.11  669   0.00    0   -0.48 TRP 102 A    0.00 XXX   0 X    0.85 TYR  62 A
TYR 230 A                                            0.04 TYR 150 A    0.00 XXX   0 X    1.69 TYR 150 A
TYR 230 A                                            0.00 XXX   0 X    0.00 XXX   0 X    1.50 ASP 101 A

TYR 263 A  11.32    26 %    1.25  354   0.00    0    0.00 XXX   0 X    0.00 XXX   0 X    0.05 ASP 258 A
TYR 263 A                                            0.00 XXX   0 X    0.00 XXX   0 X    0.02 GLU 270 A

TYR 271 A  14.38    64 %    3.00  461   0.00    0    0.76 ASP 280 A    0.00 XXX   0 X    0.62 ASP 280 A

LYS  15 A  10.57     0 %   -0.09  154   0.00    0    0.00 XXX   0 X    0.00 XXX   0 X    0.17 ASP  66 A

LYS  94 A  10.54     0 %   -0.23  233   0.00    0    0.00 XXX   0 X    0.00 XXX   0 X    0.19 GLU  93 A
LYS  94 A                                            0.00 XXX   0 X    0.00 XXX   0 X    0.10 ASP 116 A
LYS  94 A                                            0.00 XXX   0 X    0.00 XXX   0 X   -0.02 ARG 117 A

LYS 119 A  10.16    15 %   -0.52  323   0.00    0    0.00 XXX   0 X    0.00 XXX   0 X    0.04 GLU  93 A
LYS 119 A                                            0.00 XXX   0 X    0.00 XXX   0 X    0.19 C-  316 A
LYS 119 A                                            0.00 XXX   0 X    0.00 XXX   0 X   -0.06 LYS  94 A

LYS 174 A  11.38     0 %   -0.48  273   0.00    0    0.85 GLU 208 A    0.00 XXX   0 X    0.06 ASP 168 A
LYS 174 A                                            0.00 XXX   0 X    0.00 XXX   0 X    0.07 CYS 178 A
LYS 174 A                                            0.00 XXX   0 X    0.00 XXX   0 X    0.38 GLU 208 A

LYS 189 A  11.41     0 %   -0.35  225   0.00    0    0.85 GLU 159 A    0.00 XXX   0 X   -0.12 ARG 153 A
LYS 189 A                                            0.00 XXX   0 X    0.00 XXX   0 X    0.07 GLU 162 A
LYS 189 A                                            0.00 XXX   0 X    0.00 XXX   0 X    0.00 ASP 163 A
LYS 189 A                                            0.00 XXX   0 X    0.00 XXX   0 X    0.07 GLU 190 A
LYS 189 A                                            0.00 XXX   0 X    0.00 XXX   0 X    0.38 GLU 159 A

LYS 217 A  11.19    29 %   -0.90  362   0.00    0    0.85 ASP  64 A    0.00 XXX   0 X    0.23 ASP  58 A
LYS 217 A                                            0.00 XXX   0 X    0.00 XXX   0 X    0.51 ASP  64 A

LYS 219 A  10.51     0 %   -0.10  183   0.00    0    0.00 XXX   0 X    0.00 XXX   0 X    0.11 ASP 168 A

LYS 253 A  10.14    43 %   -1.74  402   0.00    0    0.85 GLU 286 A    0.00 XXX   0 X    0.03 GLU 285 A
LYS 253 A                                            0.00 XXX   0 X    0.00 XXX   0 X    0.01 GLU 304 A
LYS 253 A                                            0.00 XXX   0 X    0.00 XXX   0 X    0.15 ASP 311 A
LYS 253 A                                            0.00 XXX   0 X    0.00 XXX   0 X   -0.17 LYS 315 A
LYS 253 A                                            0.00 XXX   0 X    0.00 XXX   0 X    0.52 GLU 286 A

LYS 269 A  10.15     1 %   -0.46  283   0.00    0    0.00 XXX   0 X    0.00 XXX   0 X    0.04 ASP 258 A
LYS 269 A                                            0.00 XXX   0 X    0.00 XXX   0 X    0.07 GLU 270 A

LYS 278 A  10.08     0 %   -0.48  278   0.00    0    0.00 XXX   0 X    0.00 XXX   0 X    0.06 GLU 285 A

LYS 279 A  10.57     0 %   -0.10  188   0.00    0    0.00 XXX   0 X    0.00 XXX   0 X    0.18 ASP 280 A

LYS 291 A  10.56     0 %   -0.06  120   0.00    0    0.00 XXX   0 X    0.00 XXX   0 X    0.05 ASP 258 A
LYS 291 A                                            0.00 XXX   0 X    0.00 XXX   0 X    0.07 ASP 292 A

LYS 315 A  11.40     0 %   -0.42  276   0.00    0    0.71 GLU 285 A    0.00 XXX   0 X    0.18 GLU 286 A
LYS 315 A                                            0.00 XXX   0 X    0.00 XXX   0 X    0.04 ASP 311 A
LYS 315 A                                            0.00 XXX   0 X    0.00 XXX   0 X    0.39 GLU 285 A

ARG  41 A  13.02    85 %   -2.76  519   0.00    0    0.18 TYR 214 A    0.00 XXX   0 X    0.08 GLU  35 A
ARG  41 A                                            0.12 ASP 210 A    0.00 XXX   0 X    0.63 TYR  38 A
ARG  41 A                                            0.00 XXX   0 X    0.00 XXX   0 X    0.02 GLU 209 A
ARG  41 A                                            0.00 XXX   0 X    0.00 XXX   0 X    1.42 TYR 214 A
ARG  41 A                                            0.00 XXX   0 X    0.00 XXX   0 X    0.81 ASP 210 A

ARG  53 A  11.82    31 %   -0.75  368   0.00    0    0.00 XXX   0 X    0.00 XXX   0 X    0.07 GLU   5 A

ARG  60 A  13.61    51 %   -1.81  424   0.00    0    1.55 ASP  82 A    0.00 XXX   0 X    0.03 ASP  66 A
ARG  60 A                                            0.00 XXX   0 X    0.00 XXX   0 X    0.20 TYR  74 A
ARG  60 A                                            0.00 XXX   0 X    0.00 XXX   0 X    0.33 TYR 229 A
ARG  60 A                                            0.00 XXX   0 X    0.00 XXX   0 X    0.82 ASP  82 A

ARG 114 A  14.20     2 %   -0.41  287   0.00    0    1.59 ASP 116 A    0.00 XXX   0 X    0.13 ASP  88 A
ARG 114 A                                            0.00 XXX   0 X    0.00 XXX   0 X    0.39 ASP 116 A

ARG 117 A  12.75    15 %   -0.77  322   0.00    0    0.64 ASP  88 A    0.00 XXX   0 X    0.08 GLU  93 A
ARG 117 A                                            0.00 XXX   0 X    0.00 XXX   0 X    0.16 ASP 116 A
ARG 117 A                                            0.00 XXX   0 X    0.00 XXX   0 X   -0.24 ARG 114 A
ARG 117 A                                            0.00 XXX   0 X    0.00 XXX   0 X    0.39 ASP  88 A

ARG 131 A  11.90     0 %   -0.69  278   0.00    0    0.00 XXX   0 X    0.00 XXX   0 X    0.06 TYR 109 A
ARG 131 A                                            0.00 XXX   0 X    0.00 XXX   0 X    0.03 GLU 238 A

ARG 142 A  14.19     9 %   -0.48  307   0.00    0    0.61 GLU 139 A    0.00 XXX   0 X    0.41 CYS 152 A
ARG 142 A                                            0.51 ASP 147 A    0.00 XXX   0 X    0.12 ASP 234 A
ARG 142 A                                            0.00 XXX   0 X    0.00 XXX   0 X    0.27 GLU 139 A
ARG 142 A                                            0.00 XXX   0 X    0.00 XXX   0 X    0.26 ASP 147 A

ARG 153 A  12.08    26 %   -0.98  355   0.00    0    0.00 XXX   0 X    0.00 XXX   0 X    0.13 ASP 148 A
ARG 153 A                                            0.00 XXX   0 X    0.00 XXX   0 X    0.00 CYS 152 A
ARG 153 A                                            0.00 XXX   0 X    0.00 XXX   0 X    0.14 GLU 159 A
ARG 153 A                                            0.00 XXX   0 X    0.00 XXX   0 X    0.23 ASP 163 A
ARG 153 A                                            0.00 XXX   0 X    0.00 XXX   0 X    0.07 GLU 190 A
ARG 153 A                                            0.00 XXX   0 X    0.00 XXX   0 X   -0.02 ARG 194 A

ARG 180 A  13.93    14 %   -0.47  320   0.00    0    0.79 GLU 300 A    0.00 XXX   0 X    0.02 CYS 178 A
ARG 180 A                                            0.00 XXX   0 X    0.00 XXX   0 X    0.06 ASP 258 A
ARG 180 A                                            0.00 XXX   0 X    0.00 XXX   0 X    0.07 ASP 292 A
ARG 180 A                                            0.00 XXX   0 X    0.00 XXX   0 X    0.50 CYS 294 A
ARG 180 A                                            0.00 XXX   0 X    0.00 XXX   0 X    0.46 GLU 300 A

ARG 194 A  12.48     0 %   -0.20  199   0.00    0    0.00 XXX   0 X    0.00 XXX   0 X    0.17 ASP 163 A
ARG 194 A                                            0.00 XXX   0 X    0.00 XXX   0 X    0.02 GLU 190 A

ARG 231 A  12.71    50 %   -1.88  421   0.00    0    1.45 GLU 161 A    0.00 XXX   0 X    0.01 TYR  74 A
ARG 231 A                                            0.00 XXX   0 X    0.00 XXX   0 X    0.02 GLU 159 A
ARG 231 A                                            0.00 XXX   0 X    0.00 XXX   0 X    0.62 GLU 161 A

ARG 301 A  13.12     9 %   -0.63  307   0.00    0    0.48 GLU 304 A    0.00 XXX   0 X    0.09 ASP 258 A
ARG 301 A                                            0.00 XXX   0 X    0.00 XXX   0 X    0.12 ASP 292 A
ARG 301 A                                            0.00 XXX   0 X    0.00 XXX   0 X    0.01 CYS 294 A
ARG 301 A                                            0.00 XXX   0 X    0.00 XXX   0 X    0.17 GLU 300 A
ARG 301 A                                            0.00 XXX   0 X    0.00 XXX   0 X   -0.03 ARG 180 A
ARG 301 A                                            0.00 XXX   0 X    0.00 XXX   0 X    0.42 GLU 304 A

N+    1 A   7.87     0 %   -0.37  259   0.00    0    0.00 XXX   0 X    0.00 XXX   0 X    0.22 ASP   2 A
N+    1 A                                            0.00 XXX   0 X    0.00 XXX   0 X    0.02 GLU 209 A


2026-07-14 11:46:39,906 INFO:output.py:227:print_pka_section:pKa summary:
--------------------------------------------------------------------------------------------------------
SUMMARY OF THIS PREDICTION
       Group      pKa  model-pKa   ligand atom-type
   ASP   2 A     3.69       3.80                      
   ASP  58 A     2.77       3.80                      
   ASP  64 A     3.29       3.80                      
   ASP  66 A     3.34       3.80                      
   ASP  82 A     5.12       3.80                      
   ASP  88 A     3.08       3.80                      
   ASP 101 A     3.38       3.80                      
   ASP 116 A     1.82       3.80                      
   ASP 147 A     3.31       3.80                      
   ASP 148 A     4.32       3.80                      
   ASP 163 A     4.13       3.80                      
   ASP 168 A     3.19       3.80                      
   ASP 210 A     2.50       3.80                      
   ASP 234 A     4.82       3.80                      
   ASP 258 A     2.64       3.80                      
   ASP 260 A     0.09       3.80                      
   ASP 280 A     4.16       3.80                      
   ASP 292 A     3.94       3.80                      
   ASP 311 A     3.67       3.80                      
   GLU   5 A     4.58       4.50                      
   GLU  35 A     1.85       4.50                      
   GLU  89 A     4.70       4.50                      
   GLU  93 A     4.37       4.50                      
   GLU 139 A     4.00       4.50                      
   GLU 159 A     3.54       4.50                      
   GLU 161 A     2.61       4.50                      
   GLU 162 A     4.71       4.50                      
   GLU 190 A     3.83       4.50                      
   GLU 200 A     4.56       4.50                      
   GLU 208 A     3.72       4.50                      
   GLU 209 A     4.74       4.50                      
   GLU 238 A     4.67       4.50                      
   GLU 270 A     4.00       4.50                      
   GLU 285 A     4.01       4.50                      
   GLU 286 A     3.47       4.50                      
   GLU 300 A     4.30       4.50                      
   GLU 304 A     4.12       4.50                      
   C-  316 A     3.31       3.20                      
   HIS   6 A     5.18       6.50                      
   HIS  17 A     7.38       6.50                      
   HIS  31 A     5.15       6.50                      
   HIS  42 A     4.47       6.50                      
   HIS  78 A     5.36       6.50                      
   HIS 100 A     6.75       6.50                      
   HIS 125 A     2.32       6.50                      
   HIS 264 A     6.37       6.50                      
   HIS 273 A     6.15       6.50                      
   HIS 295 A    10.63       6.50                      
   HIS 308 A     5.27       6.50                      
   HIS 310 A     6.03       6.50                      
   CYS 111 A    12.80       9.00                      
   CYS 152 A    10.81       9.00                      
   CYS 178 A    11.03       9.00                      
   CYS 186 A    10.04       9.00                      
   CYS 294 A    10.99       9.00                      
   TYR  38 A    12.28      10.00                      
   TYR  46 A    10.70      10.00                      
   TYR  52 A    11.24      10.00                      
   TYR  62 A    14.92      10.00                      
   TYR  74 A    11.65      10.00                      
   TYR 109 A    12.99      10.00                      
   TYR 150 A    13.89      10.00                      
   TYR 213 A    12.69      10.00                      
   TYR 214 A    13.44      10.00                      
   TYR 229 A    16.10      10.00                      
   TYR 230 A    17.71      10.00                      
   TYR 263 A    11.32      10.00                      
   TYR 271 A    14.38      10.00                      
   LYS  15 A    10.57      10.50                      
   LYS  94 A    10.54      10.50                      
   LYS 119 A    10.16      10.50                      
   LYS 174 A    11.38      10.50                      
   LYS 189 A    11.41      10.50                      
   LYS 217 A    11.19      10.50                      
   LYS 219 A    10.51      10.50                      
   LYS 253 A    10.14      10.50                      
   LYS 269 A    10.15      10.50                      
   LYS 278 A    10.08      10.50                      
   LYS 279 A    10.57      10.50                      
   LYS 291 A    10.56      10.50                      
   LYS 315 A    11.40      10.50                      
   ARG  41 A    13.02      12.50                      
   ARG  53 A    11.82      12.50                      
   ARG  60 A    13.61      12.50                      
   ARG 114 A    14.20      12.50                      
   ARG 117 A    12.75      12.50                      
   ARG 131 A    11.90      12.50                      
   ARG 142 A    14.19      12.50                      
   ARG 153 A    12.08      12.50                      
   ARG 180 A    13.93      12.50                      
   ARG 194 A    12.48      12.50                      
   ARG 231 A    12.71      12.50                      
   ARG 301 A    13.12      12.50                      
   N+    1 A     7.87       8.00                      

2026-07-14 11:46:39,918 INFO:main.py:648:non_trivial:PROPKA information:
--------------------------------------------------------------------------------------------------------
Free energy of   folding (kcal/mol) as a function of pH (using neutral reference)
  0.00     37.97
  1.00     36.79
  2.00     33.83
  3.00     26.43
  4.00     15.76
  5.00      8.74
  6.00      3.13
  7.00      0.11
  8.00      1.08
  9.00      4.65
 10.00     14.83
 11.00     33.04
 12.00     50.33
 13.00     64.72
 14.00     76.20

The pH of optimum stability is  7.1 for which the free energy is    0.1 kcal/mol at 298K
Could not determine pH values where the free energy is within 80 % of minimum
Could not determine the pH-range where the free energy is negative


Protein charge of folded and unfolded state as a function of pH
    pH  unfolded  folded
  0.00     38.00   37.50
  0.10     37.99   37.43
  0.20     37.99   37.36
  0.30     37.99   37.28
  0.40     37.99   37.21
  0.50     37.99   37.13
  0.60     37.98   37.05
  0.70     37.98   36.96
  0.80     37.97   36.87
  0.90     37.97   36.77
  1.00     37.96   36.65
  1.10     37.95   36.53
  1.20     37.93   36.38
  1.30     37.92   36.21
  1.40     37.89   36.02
  1.50     37.87   35.80
  1.60     37.83   35.54
  1.70     37.79   35.25
  1.80     37.74   34.92
  1.90     37.67   34.55
  2.00     37.59   34.14
  2.10     37.48   33.68
  2.20     37.35   33.17
  2.30     37.19   32.60
  2.40     36.99   31.99
  2.50     36.75   31.32
  2.60     36.45   30.58
  2.70     36.08   29.79
  2.80     35.63   28.93
  2.90     35.10   28.01
  3.00     34.46   27.03
  3.10     33.70   25.97
  3.20     32.82   24.86
  3.30     31.80   23.68
  3.40     30.64   22.44
  3.50     29.34   21.15
  3.60     27.91   19.81
  3.70     26.35   18.44
  3.80     24.68   17.03
  3.90     22.93   15.61
  4.00     21.12   14.17
  4.10     19.28   12.73
  4.20     17.43   11.29
  4.30     15.60    9.87
  4.40     13.81    8.47
  4.50     12.09    7.10
  4.60     10.46    5.78
  4.70      8.93    4.51
  4.80      7.53    3.30
  4.90      6.25    2.15
  5.00      5.10    1.07
  5.10      4.07    0.05
  5.20      3.16   -0.89
  5.30      2.34   -1.76
  5.40      1.60   -2.56
  5.50      0.92   -3.29
  5.60      0.28   -3.96
  5.70     -0.34   -4.58
  5.80     -0.96   -5.14
  5.90     -1.58   -5.66
  6.00     -2.23   -6.15
  6.10     -2.90   -6.59
  6.20     -3.60   -7.01
  6.30     -4.33   -7.40
  6.40     -5.08   -7.76
  6.50     -5.84   -8.10
  6.60     -6.58   -8.42
  6.70     -7.30   -8.72
  6.80     -7.99   -9.00
  6.90     -8.62   -9.26
  7.00     -9.21   -9.51
  7.10     -9.73   -9.74
  7.20    -10.20   -9.96
  7.30    -10.62  -10.16
  7.40    -11.00  -10.36
  7.50    -11.33  -10.55
  7.60    -11.64  -10.72
  7.70    -11.93  -10.89
  7.80    -12.21  -11.04
  7.90    -12.48  -11.19
  8.00    -12.75  -11.33
  8.10    -13.03  -11.46
  8.20    -13.33  -11.58
  8.30    -13.64  -11.69
  8.40    -13.99  -11.80
  8.50    -14.37  -11.90
  8.60    -14.79  -12.01
  8.70    -15.25  -12.11
  8.80    -15.76  -12.23
  8.90    -16.33  -12.36
  9.00    -16.95  -12.50
  9.10    -17.64  -12.67
  9.20    -18.39  -12.87
  9.30    -19.21  -13.10
  9.40    -20.10  -13.38
  9.50    -21.07  -13.70
  9.60    -22.13  -14.09
  9.70    -23.28  -14.53
  9.80    -24.51  -15.04
  9.90    -25.82  -15.62
 10.00    -27.19  -16.28
 10.10    -28.62  -17.01
 10.20    -30.07  -17.80
 10.30    -31.52  -18.66
 10.40    -32.95  -19.57
 10.50    -34.34  -20.53
 10.60    -35.66  -21.53
 10.70    -36.90  -22.55
 10.80    -38.04  -23.60
 10.90    -39.07  -24.65
 11.00    -40.01  -25.71
 11.10    -40.85  -26.76
 11.20    -41.61  -27.79
 11.30    -42.29  -28.81
 11.40    -42.91  -29.81
 11.50    -43.49  -30.78
 11.60    -44.05  -31.73
 11.70    -44.61  -32.65
 11.80    -45.16  -33.54
 11.90    -45.74  -34.41
 12.00    -46.35  -35.25
 12.10    -46.99  -36.07
 12.20    -47.67  -36.88
 12.30    -48.37  -37.68
 12.40    -49.10  -38.46
 12.50    -49.83  -39.24
 12.60    -50.55  -40.01
 12.70    -51.25  -40.78
 12.80    -51.91  -41.53
 12.90    -52.51  -42.28
 13.00    -53.06  -43.00
 13.10    -53.55  -43.72
 13.20    -53.97  -44.41
 13.30    -54.33  -45.08
 13.40    -54.64  -45.73
 13.50    -54.89  -46.35
 13.60    -55.10  -46.96
 13.70    -55.28  -47.55
 13.80    -55.42  -48.11
 13.90    -55.53  -48.66
 14.00    -55.63  -49.18
The pI is  5.11 (folded) and  5.64 (unfolded)

--------------------------------------------------------------------------------------------------------
2026-07-14 11:46:39,918 INFO:biomolecule.py:797:apply_pka_values:Applying pKa values at a pH of 7.00:
2026-07-14 11:46:39,919 INFO:main.py:661:non_trivial:Adding hydrogens to biomolecule.
2026-07-14 11:46:40,305 INFO:main.py:664:non_trivial:Debumping biomolecule (again).
2026-07-14 11:46:40,801 INFO:main.py:666:non_trivial:Optimizing hydrogen bonds
2026-07-14 11:46:41,515 INFO:main.py:678:non_trivial:Applying force field to biomolecule states.
2026-07-14 11:46:41,518 INFO:main.py:725:non_trivial:Regenerating headers.
2026-07-14 11:46:41,518 INFO:main.py:750:non_trivial:Regenerating PDB lines.
2026-07-14 11:46:41,533 WARNING:main.py:326:print_pqr:Ignoring 467 header lines in output.
2026-07-14 11:46:41,606 WARNING:main.py:369:print_pdb:Ignoring 467 header lines in output.
