2026-07-14 11:33:11,605 INFO:main.py:246:print_splash_screen:PDB2PQR v3.7.1: biomolecular structure conversion software.
2026-07-14 11:33:11,605 INFO:main.py:248:print_splash_screen:Please cite:  Jurrus E, et al.  Improvements to the APBS biomolecular solvation software suite.  Protein Sci 27 112-128 (2018).
2026-07-14 11:33:11,605 INFO:main.py:248:print_splash_screen:Please cite:  Dolinsky TJ, et al.  PDB2PQR: expanding and upgrading automated preparation of biomolecular structures for molecular simulations. Nucleic Acids Res 35 W522-W525 (2007).
2026-07-14 11:33:11,605 INFO:main.py:770:main_driver:Checking and transforming input arguments.
2026-07-14 11:33:11,605 INFO:main.py:774:main_driver:Loading topology files.
2026-07-14 11:33:11,636 INFO:main.py:776:main_driver:Loading molecule: EPH_relaxed_0001_pdb2pqr_21.pdb
2026-07-14 11:33:11,642 INFO:main.py:781:main_driver:Setting up molecule.
2026-07-14 11:33:11,712 INFO:main.py:423:setup_molecule:Created biomolecule object with 316 residues and 2529 atoms.
2026-07-14 11:33:11,712 INFO:main.py:785:main_driver:Setting termini states for biomolecule chains.
2026-07-14 11:33:11,716 INFO:main.py:616:non_trivial:Loading forcefield.
2026-07-14 11:33:11,720 INFO:main.py:620:non_trivial:Loading hydrogen topology definitions.
2026-07-14 11:33:11,721 INFO:main.py:474:is_repairable:This biomolecule is clean.  No repair needed.
2026-07-14 11:33:11,721 INFO:main.py:635:non_trivial:Updating disulfide bridges.
2026-07-14 11:33:11,722 INFO:main.py:638:non_trivial:Debumping biomolecule.
2026-07-14 11:33:11,819 INFO:main.py:645:non_trivial:Assigning titration states with PROPKA.
2026-07-14 11:33:11,829 INFO:output.py:74:print_header:
propka3.5.1                                                                                  2026-07-14

-------------------------------------------------------------------------------
--                                                                           --
--  PROPKA: A PROTEIN PKA PREDICTOR                                          --
--                                                                           --
--  VERSION 1.0,  04/25/2004,  IOWA CITY                                     --
--  BY HUI LI                                                                --
--                                                                           --
--  VERSION 2.0,  11/05/2007, IOWA CITY/COPENHAGEN                           --
--  BY DELPHINE C. BAS AND DAVID M. ROGERS                                   --
--                                                                           --
--  VERSION 3.0,  01/06/2011, COPENHAGEN                                     --
--  BY MATS H.M. OLSSON AND CHRESTEN R. SONDERGARD                           --
--                                                                           --
--  VERSION 3.1,  07/01/2011, COPENHAGEN                                     --
--  BY CHRESTEN R. SONDERGARD AND MATS H.M. OLSSON                           --
--                                                                           --
--  VERSION 3.2,  06/17/2020, PLANET EARTH                                   --
--  SEE ABOVE FOR AUTHORS                                                    --
--                                                                           --
-------------------------------------------------------------------------------


-------------------------------------------------------------------------------
References:

Very Fast Empirical Prediction and Rationalization of Protein pKa Values.
Hui Li, Andrew D. Robertson and Jan H. Jensen. PROTEINS: Structure, Function,
and Bioinformatics. 61:704-721 (2005)

Very Fast Prediction and Rationalization of pKa Values for Protein-Ligand
Complexes.  Delphine C. Bas, David M. Rogers and Jan H. Jensen.  PROTEINS:
Structure, Function, and Bioinformatics 73:765-783 (2008)

PROPKA3: Consistent Treatment of Internal and Surface Residues in Empirical
pKa predictions.  Mats H.M. Olsson, Chresten R. Sondergard, Michal Rostkowski,
and Jan H. Jensen.  Journal of Chemical Theory and Computation, 7(2):525-537
(2011)

Improved Treatment of Ligands and Coupling Effects in Empirical Calculation
and Rationalization of pKa Values.  Chresten R. Sondergaard, Mats H.M. Olsson,
Michal Rostkowski, and Jan H. Jensen.  Journal of Chemical Theory and
Computation, (2011)
-------------------------------------------------------------------------------



2026-07-14 11:33:11,930 WARNING:group.py:385:set_interaction_atoms:Missing atoms or failed protonation for ASN 123 A (AMD) -- please check the structure
2026-07-14 11:33:11,930 WARNING:group.py:386:set_interaction_atoms:Group (AMD) for   969-  CG   123-ASN (A) [  -7.142   -2.249    4.785] C
2026-07-14 11:33:11,930 WARNING:group.py:393:set_interaction_atoms:Expected 3 interaction atoms for acids, found:
2026-07-14 11:33:11,930 WARNING:group.py:397:set_interaction_atoms:               971- ND2   123-ASN (A) [  -7.962   -1.946    3.819] N
2026-07-14 11:33:11,931 WARNING:group.py:397:set_interaction_atoms:                 0-HD21   123-ASN (A) [  -7.677   -1.297    3.100] H
2026-07-14 11:33:11,931 WARNING:group.py:397:set_interaction_atoms:                 0-HD22   123-ASN (A) [  -8.883   -2.360    3.789] H
2026-07-14 11:33:11,931 WARNING:group.py:400:set_interaction_atoms:Expected 1 interaction atoms for bases, found:
2026-07-14 11:33:11,931 WARNING:group.py:404:set_interaction_atoms:               806- OD2   104-ASP (A) [  -6.544   -0.492    4.677] O
2026-07-14 11:33:11,931 WARNING:group.py:404:set_interaction_atoms:               970- OD1   123-ASN (A) [  -6.039   -2.691    4.518] O
2026-07-14 11:33:12,000 INFO:conformation_container.py:124:find_covalently_coupled_groups:Coupling map:

2026-07-14 11:33:12,000 INFO:conformation_container.py:213:calculate_pka:Calculating pKas for Conformation container 1A with 2977 atoms and 761 groups
2026-07-14 11:33:12,529 INFO:output.py:225:print_pka_section:pKa determinants:

---------  -----   ------   ---------------------    --------------    --------------    --------------
                            DESOLVATION  EFFECTS       SIDECHAIN          BACKBONE        COULOMBIC
 RESIDUE    pKa    BURIED     REGULAR      RE        HYDROGEN BOND     HYDROGEN BOND      INTERACTION
---------  -----   ------   ---------   ---------    --------------    --------------    --------------

ASP   2 A   3.69     0 %    0.11  135   0.00    0    0.00 XXX   0 X    0.00 XXX   0 X   -0.22 N+    1 A

ASP  58 A   2.77   100 %    3.78  577   0.69    0   -1.60 HIS  17 A   -0.85 TRP  37 A   -0.24 LYS 217 A
ASP  58 A                                            0.00 XXX   0 X   -0.79 ASP  64 A   -0.12 HIS   6 A
ASP  58 A                                            0.00 XXX   0 X    0.00 XXX   0 X   -1.01 HIS  17 A
ASP  58 A                                            0.00 XXX   0 X    0.00 XXX   0 X   -0.91 HIS  31 A

ASP  64 A   3.29    32 %    0.94  370   0.00    0   -0.85 LYS 217 A    0.00 XXX   0 X   -0.09 HIS   6 A
ASP  64 A                                            0.00 XXX   0 X    0.00 XXX   0 X   -0.41 HIS  17 A
ASP  64 A                                            0.00 XXX   0 X    0.00 XXX   0 X    0.40 ASP  58 A
ASP  64 A                                            0.00 XXX   0 X    0.00 XXX   0 X   -0.51 LYS 217 A

ASP  66 A   3.34     6 %    0.53  297   0.04    0    0.00 XXX   0 X   -0.84 LYS  15 A   -0.17 LYS  15 A
ASP  66 A                                            0.00 XXX   0 X    0.00 XXX   0 X   -0.03 ARG  60 A

ASP  82 A   5.12    79 %    3.27  503   1.36    0   -0.79 ASN  12 A    0.00 XXX   0 X    0.01 ASP  66 A
ASP  82 A                                           -1.55 ARG  60 A    0.00 XXX   0 X   -0.17 HIS  78 A
ASP  82 A                                            0.00 XXX   0 X    0.00 XXX   0 X   -0.82 ARG  60 A

ASP  88 A   3.08     0 %    0.41  277   0.00    0   -0.64 ARG 117 A    0.00 XXX   0 X   -0.13 ARG 114 A
ASP  88 A                                            0.00 XXX   0 X    0.00 XXX   0 X    0.02 ASP 116 A
ASP  88 A                                            0.00 XXX   0 X    0.00 XXX   0 X   -0.39 ARG 117 A

ASP 101 A   2.15   100 %    3.32  718   0.50    0   -1.60 HIS 295 A   -0.81 PHE  33 A   -0.07 HIS  31 A
ASP 101 A                                            0.00 XXX   0 X   -0.76 TRP 102 A   -0.87 HIS 100 A
ASP 101 A                                            0.00 XXX   0 X    0.00 XXX   0 X   -1.36 HIS 295 A

ASP 104 A  11.39   100 %    5.53  706   2.18    0   -0.33 TRP 108 A    0.00 XXX   0 X    0.17 ASP 101 A
ASP 104 A                                            0.00 XXX   0 X    0.00 XXX   0 X    0.04 ASP 260 A

ASP 116 A   1.82     1 %    0.59  283   0.00    0   -1.59 ARG 114 A   -0.34 ASP 116 A   -0.10 LYS  94 A
ASP 116 A                                            0.00 XXX   0 X    0.00 XXX   0 X   -0.16 ARG 117 A
ASP 116 A                                            0.00 XXX   0 X    0.00 XXX   0 X   -0.39 ARG 114 A

ASP 147 A   3.31     0 %    0.28  244   0.00    0   -0.51 ARG 142 A    0.00 XXX   0 X   -0.26 ARG 142 A

ASP 148 A   4.32     0 %    0.42  265   0.00    0    0.00 XXX   0 X    0.00 XXX   0 X   -0.13 ARG 153 A
ASP 148 A                                            0.00 XXX   0 X    0.00 XXX   0 X    0.09 ASP 147 A
ASP 148 A                                            0.00 XXX   0 X    0.00 XXX   0 X    0.14 GLU 190 A

ASP 163 A   4.13    36 %    1.44  383   0.21    0    0.00 XXX   0 X   -0.84 PHE 193 A   -0.23 ARG 153 A
ASP 163 A                                            0.00 XXX   0 X   -0.07 ARG 194 A   -0.00 LYS 189 A
ASP 163 A                                            0.00 XXX   0 X    0.00 XXX   0 X   -0.17 ARG 194 A

ASP 168 A   3.19     3 %    0.43  291   0.00    0    0.00 XXX   0 X   -0.18 ALA 170 A   -0.06 LYS 174 A
ASP 168 A                                            0.00 XXX   0 X   -0.69 GLN 171 A   -0.11 LYS 219 A

ASP 210 A   2.52    45 %    1.71  407   0.29    0   -0.84 THR 207 A   -0.79 THR 207 A   -0.21 HIS  42 A
ASP 210 A                                           -0.50 TYR  38 A    0.00 XXX   0 X   -0.81 ARG  41 A
ASP 210 A                                           -0.12 ARG  41 A    0.00 XXX   0 X    0.00 XXX   0 X

ASP 234 A   4.82    45 %    1.91  408   0.00    0    0.00 XXX   0 X   -0.03 PHE 137 A   -0.12 ARG 142 A
ASP 234 A                                            0.00 XXX   0 X   -0.84 ILE 138 A    0.09 GLU 139 A
ASP 234 A                                            0.00 XXX   0 X    0.00 XXX   0 X    0.01 GLU 238 A

ASP 258 A   2.63     9 %    0.80  307   0.11    0   -0.22 SER 259 A   -0.08 ASP 258 A   -0.06 ARG 180 A
ASP 258 A                                            0.00 XXX   0 X   -0.08 SER 259 A   -0.04 LYS 269 A
ASP 258 A                                            0.00 XXX   0 X   -0.77 ASP 292 A   -0.05 LYS 291 A
ASP 258 A                                            0.00 XXX   0 X   -0.65 ALA 293 A   -0.05 ARG 301 A
ASP 258 A                                            0.00 XXX   0 X    0.00 XXX   0 X   -0.07 HIS 264 A

ASP 260 A   2.94   100 %    4.01  597   0.65    0   -0.49 SER 125 A   -0.59 THR 262 A    0.31 ASP 101 A
ASP 260 A                                           -0.42 THR 262 A    0.00 XXX   0 X   -0.08 HIS 264 A
ASP 260 A                                           -1.60 HIS 295 A    0.00 XXX   0 X   -0.62 HIS 100 A
ASP 260 A                                            0.00 XXX   0 X    0.00 XXX   0 X   -2.03 HIS 295 A

ASP 280 A   4.18    30 %    1.09  364   0.23    0   -0.76 TYR 271 A    0.00 XXX   0 X   -0.18 LYS 279 A

ASP 292 A   3.96     0 %    0.18  184   0.00    0    0.00 XXX   0 X    0.00 XXX   0 X   -0.07 ARG 180 A
ASP 292 A                                            0.00 XXX   0 X    0.00 XXX   0 X   -0.07 LYS 291 A
ASP 292 A                                            0.00 XXX   0 X    0.00 XXX   0 X   -0.10 ARG 301 A
ASP 292 A                                            0.00 XXX   0 X    0.00 XXX   0 X    0.22 ASP 258 A

ASP 311 A   3.67     0 %    0.31  278   0.00    0    0.00 XXX   0 X    0.00 XXX   0 X   -0.15 LYS 253 A
ASP 311 A                                            0.00 XXX   0 X    0.00 XXX   0 X   -0.04 LYS 315 A
ASP 311 A                                            0.00 XXX   0 X    0.00 XXX   0 X    0.04 GLU 286 A
ASP 311 A                                            0.00 XXX   0 X    0.00 XXX   0 X   -0.11 HIS 308 A
ASP 311 A                                            0.00 XXX   0 X    0.00 XXX   0 X   -0.19 HIS 310 A

GLU   5 A   4.58     0 %    0.16  228   0.00    0    0.00 XXX   0 X    0.00 XXX   0 X   -0.07 ARG  53 A
GLU   5 A                                            0.00 XXX   0 X    0.00 XXX   0 X   -0.01 HIS   6 A

GLU  35 A   3.13   100 %    4.13  700   0.37    0   -0.69 SER  39 A   -0.77 GLY  32 A   -0.08 ARG  41 A
GLU  35 A                                           -0.09 GLN 299 A    0.00 XXX   0 X   -0.68 HIS  31 A
GLU  35 A                                           -1.60 HIS 100 A    0.00 XXX   0 X   -2.00 HIS 100 A
GLU  35 A                                            0.00 XXX   0 X    0.00 XXX   0 X    0.62 ASP 101 A
GLU  35 A                                            0.00 XXX   0 X    0.00 XXX   0 X   -0.57 HIS 295 A

GLU  89 A   4.70     0 %    0.19  202   0.00    0    0.00 XXX   0 X    0.00 XXX   0 X    0.01 ASP  88 A

GLU  93 A   4.37     0 %    0.16  183   0.00    0    0.00 XXX   0 X    0.00 XXX   0 X   -0.19 LYS  94 A
GLU  93 A                                            0.00 XXX   0 X    0.00 XXX   0 X   -0.08 ARG 117 A
GLU  93 A                                            0.00 XXX   0 X    0.00 XXX   0 X   -0.04 LYS 119 A
GLU  93 A                                            0.00 XXX   0 X    0.00 XXX   0 X    0.02 ASP 116 A

GLU 139 A   4.00     0 %    0.30  236   0.00    0   -0.61 ARG 142 A    0.00 XXX   0 X    0.08 ASP 147 A
GLU 139 A                                            0.00 XXX   0 X    0.00 XXX   0 X   -0.27 ARG 142 A

GLU 159 A   3.54     0 %    0.43  271   0.00    0   -0.85 LYS 189 A    0.00 XXX   0 X   -0.14 ARG 153 A
GLU 159 A                                            0.00 XXX   0 X    0.00 XXX   0 X   -0.02 ARG 231 A
GLU 159 A                                            0.00 XXX   0 X    0.00 XXX   0 X    0.01 GLU 161 A
GLU 159 A                                            0.00 XXX   0 X    0.00 XXX   0 X   -0.38 LYS 189 A

GLU 161 A   2.61    43 %    1.71  402   0.10    0   -0.67 THR 224 A   -0.36 GLY 158 A   -0.62 ARG 231 A
GLU 161 A                                           -1.45 ARG 231 A   -0.60 GLU 161 A    0.00 XXX   0 X

GLU 162 A   4.71     0 %    0.17  190   0.00    0    0.00 XXX   0 X    0.00 XXX   0 X   -0.07 LYS 189 A
GLU 162 A                                            0.00 XXX   0 X    0.00 XXX   0 X    0.08 GLU 159 A
GLU 162 A                                            0.00 XXX   0 X    0.00 XXX   0 X    0.04 GLU 161 A

GLU 190 A   3.83     0 %    0.23  172   0.00    0    0.00 XXX   0 X   -0.74 GLU 190 A   -0.07 ARG 153 A
GLU 190 A                                            0.00 XXX   0 X    0.00 XXX   0 X   -0.07 LYS 189 A
GLU 190 A                                            0.00 XXX   0 X    0.00 XXX   0 X   -0.02 ARG 194 A

GLU 200 A   4.56     0 %    0.06   93   0.00    0    0.00 XXX   0 X    0.00 XXX   0 X    0.00 XXX   0 X

GLU 208 A   3.72     0 %    0.45  254   0.00    0   -0.85 LYS 174 A    0.00 XXX   0 X   -0.38 LYS 174 A

GLU 209 A   4.74     0 %    0.16  222   0.00    0    0.00 XXX   0 X    0.00 XXX   0 X   -0.02 N+    1 A
GLU 209 A                                            0.00 XXX   0 X    0.00 XXX   0 X   -0.02 ARG  41 A
GLU 209 A                                            0.00 XXX   0 X    0.00 XXX   0 X    0.13 ASP 210 A

GLU 238 A   4.67     0 %    0.19  235   0.00    0    0.00 XXX   0 X    0.00 XXX   0 X   -0.03 ARG 131 A

GLU 270 A   4.00     0 %    0.29  209   0.00    0    0.00 XXX   0 X   -0.68 GLU 270 A   -0.07 LYS 269 A
GLU 270 A                                            0.00 XXX   0 X    0.00 XXX   0 X   -0.04 HIS 273 A

GLU 285 A   4.01     9 %    0.62  306   0.03    0   -0.71 LYS 315 A    0.00 XXX   0 X   -0.03 LYS 253 A
GLU 285 A                                            0.00 XXX   0 X    0.00 XXX   0 X   -0.06 LYS 278 A
GLU 285 A                                            0.00 XXX   0 X    0.00 XXX   0 X    0.05 GLU 286 A
GLU 285 A                                            0.00 XXX   0 X    0.00 XXX   0 X   -0.39 LYS 315 A

GLU 286 A   3.47    19 %    0.75  335   0.00    0   -0.85 LYS 253 A    0.00 XXX   0 X   -0.18 LYS 315 A
GLU 286 A                                            0.00 XXX   0 X    0.00 XXX   0 X   -0.24 HIS 308 A
GLU 286 A                                            0.00 XXX   0 X    0.00 XXX   0 X   -0.51 LYS 253 A

GLU 300 A   4.11    47 %    1.65  412   0.27    0   -0.79 ARG 180 A   -0.84 CYS 294 A   -0.38 ARG 301 A
GLU 300 A                                            0.00 XXX   0 X    0.00 XXX   0 X    0.07 ASP 258 A
GLU 300 A                                            0.00 XXX   0 X    0.00 XXX   0 X    0.04 ASP 260 A
GLU 300 A                                            0.00 XXX   0 X    0.00 XXX   0 X    0.03 ASP 292 A
GLU 300 A                                            0.00 XXX   0 X    0.00 XXX   0 X   -0.45 ARG 180 A

GLU 304 A   4.75    21 %    0.67  339   0.00    0   -0.02 HIS 308 A    0.00 XXX   0 X   -0.01 LYS 253 A
GLU 304 A                                            0.00 XXX   0 X    0.00 XXX   0 X   -0.14 ARG 301 A
GLU 304 A                                            0.00 XXX   0 X    0.00 XXX   0 X    0.01 ASP 258 A
GLU 304 A                                            0.00 XXX   0 X    0.00 XXX   0 X   -0.27 HIS 308 A

C-  316 A   3.31     0 %    0.30  263   0.00    0    0.00 XXX   0 X   -0.00 PHE 316 A   -0.19 LYS 119 A

HIS   6 A   5.18    33 %   -1.05  373   0.00    0    0.00 XXX   0 X    0.00 XXX   0 X   -0.01 N+    1 A
HIS   6 A                                            0.00 XXX   0 X    0.00 XXX   0 X   -0.07 LYS 217 A
HIS   6 A                                            0.00 XXX   0 X    0.00 XXX   0 X    0.01 GLU   5 A
HIS   6 A                                            0.00 XXX   0 X    0.00 XXX   0 X   -0.42 HIS  17 A
HIS   6 A                                            0.00 XXX   0 X    0.00 XXX   0 X    0.12 ASP  58 A
HIS   6 A                                            0.00 XXX   0 X    0.00 XXX   0 X    0.09 ASP  64 A

HIS  17 A   7.39    66 %   -1.94  467   0.00    0    1.60 ASP  58 A    0.00 XXX   0 X   -0.19 LYS 217 A
HIS  17 A                                            0.00 XXX   0 X    0.00 XXX   0 X    0.41 ASP  64 A
HIS  17 A                                            0.00 XXX   0 X    0.00 XXX   0 X    1.01 ASP  58 A

HIS  31 A   5.21   100 %   -3.69  705   0.00    0    0.00 XXX   0 X    0.80 GLY  32 A   -0.06 HIS 100 A
HIS  31 A                                            0.00 XXX   0 X    0.00 XXX   0 X    0.07 ASP 101 A
HIS  31 A                                            0.00 XXX   0 X    0.00 XXX   0 X    0.68 GLU  35 A
HIS  31 A                                            0.00 XXX   0 X    0.00 XXX   0 X    0.91 ASP  58 A

HIS  42 A   4.50    62 %   -1.45  454   0.00    0    0.00 XXX   0 X    0.00 XXX   0 X   -0.00 N+    1 A
HIS  42 A                                            0.00 XXX   0 X    0.00 XXX   0 X   -0.76 ARG  41 A
HIS  42 A                                            0.00 XXX   0 X    0.00 XXX   0 X    0.21 ASP 210 A

HIS  78 A   5.36    35 %   -0.96  378   0.00    0    0.00 XXX   0 X    0.00 XXX   0 X   -0.34 ARG  60 A
HIS  78 A                                            0.00 XXX   0 X    0.00 XXX   0 X    0.17 ASP  82 A

HIS 100 A   7.41   100 %   -3.52  714   0.00    0    1.60 GLU  35 A    0.81 HIS 295 A   -1.47 HIS 295 A
HIS 100 A                                            0.00 XXX   0 X    0.00 XXX   0 X    2.00 GLU  35 A
HIS 100 A                                            0.00 XXX   0 X    0.00 XXX   0 X    0.87 ASP 101 A
HIS 100 A                                            0.00 XXX   0 X    0.00 XXX   0 X    0.62 ASP 260 A

HIS 264 A   6.40    13 %   -0.69  318   0.00    0    0.00 XXX   0 X    0.84 ASP 258 A   -0.40 LYS 269 A
HIS 264 A                                            0.00 XXX   0 X    0.00 XXX   0 X    0.07 ASP 258 A
HIS 264 A                                            0.00 XXX   0 X    0.00 XXX   0 X    0.08 ASP 260 A

HIS 273 A   6.14    21 %   -0.79  340   0.00    0    0.00 XXX   0 X    0.45 LYS 269 A   -0.05 LYS 269 A
HIS 273 A                                            0.00 XXX   0 X    0.00 XXX   0 X    0.04 GLU 270 A

HIS 295 A  10.87   100 %   -2.88  659   0.00    0    1.60 ASP 101 A    0.00 XXX   0 X    0.08 CYS 294 A
HIS 295 A                                            1.60 ASP 260 A    0.00 XXX   0 X    0.57 GLU  35 A
HIS 295 A                                            0.00 XXX   0 X    0.00 XXX   0 X    1.36 ASP 101 A
HIS 295 A                                            0.00 XXX   0 X    0.00 XXX   0 X    2.03 ASP 260 A

HIS 308 A   5.30    47 %   -1.26  413   0.00    0    0.02 GLU 304 A    0.00 XXX   0 X   -0.58 LYS 253 A
HIS 308 A                                            0.00 XXX   0 X    0.00 XXX   0 X    0.24 GLU 286 A
HIS 308 A                                            0.00 XXX   0 X    0.00 XXX   0 X    0.27 GLU 304 A
HIS 308 A                                            0.00 XXX   0 X    0.00 XXX   0 X    0.11 ASP 311 A

HIS 310 A   6.03    15 %   -0.66  322   0.00    0    0.00 XXX   0 X    0.00 XXX   0 X    0.19 ASP 311 A

CYS 111 A  12.91   100 %    3.83  603   0.00    0    0.00 XXX   0 X   -0.03 CYS 111 A    0.11 ASP 104 A

CYS 152 A  10.81    38 %    1.81  389   0.00    0    0.00 XXX   0 X    0.00 XXX   0 X   -0.41 ARG 142 A
CYS 152 A                                            0.00 XXX   0 X    0.00 XXX   0 X   -0.00 ARG 153 A
CYS 152 A                                            0.00 XXX   0 X    0.00 XXX   0 X    0.08 GLU 139 A
CYS 152 A                                            0.00 XXX   0 X    0.00 XXX   0 X    0.18 ASP 147 A
CYS 152 A                                            0.00 XXX   0 X    0.00 XXX   0 X    0.02 ASP 148 A
CYS 152 A                                            0.00 XXX   0 X    0.00 XXX   0 X    0.06 CYS 186 A
CYS 152 A                                            0.00 XXX   0 X    0.00 XXX   0 X    0.06 ASP 234 A

CYS 178 A  11.03    49 %    2.06  418   0.00    0    0.00 XXX   0 X    0.00 XXX   0 X   -0.07 LYS 174 A
CYS 178 A                                            0.00 XXX   0 X    0.00 XXX   0 X   -0.02 ARG 180 A
CYS 178 A                                            0.00 XXX   0 X    0.00 XXX   0 X    0.04 GLU 208 A
CYS 178 A                                            0.00 XXX   0 X    0.00 XXX   0 X    0.01 GLU 300 A

CYS 186 A  10.03    15 %    0.92  322   0.00    0    0.00 XXX   0 X    0.00 XXX   0 X    0.10 ASP 148 A

CYS 294 A  10.83    42 %    1.66  398   0.00    0    0.00 XXX   0 X    0.00 XXX   0 X   -0.49 ARG 180 A
CYS 294 A                                            0.00 XXX   0 X    0.00 XXX   0 X   -0.06 ARG 301 A
CYS 294 A                                            0.00 XXX   0 X    0.00 XXX   0 X    0.11 ASP 258 A
CYS 294 A                                            0.00 XXX   0 X    0.00 XXX   0 X    0.19 ASP 260 A
CYS 294 A                                            0.00 XXX   0 X    0.00 XXX   0 X    0.02 ASP 292 A
CYS 294 A                                            0.00 XXX   0 X    0.00 XXX   0 X   -0.08 HIS 295 A
CYS 294 A                                            0.00 XXX   0 X    0.00 XXX   0 X    0.49 GLU 300 A

TYR  38 A  12.29    51 %    1.55  425   0.00    0    0.50 ASP 210 A    0.00 XXX   0 X   -0.63 ARG  41 A
TYR  38 A                                            0.00 XXX   0 X    0.00 XXX   0 X    0.25 GLU 209 A
TYR  38 A                                            0.00 XXX   0 X    0.00 XXX   0 X    0.61 ASP 210 A

TYR  46 A  10.69     8 %    0.55  303   0.00    0    0.00 XXX   0 X    0.00 XXX   0 X    0.14 ASP 311 A

TYR  52 A  11.24    24 %    1.07  348   0.00    0    0.00 XXX   0 X    0.00 XXX   0 X    0.01 ASP 311 A
TYR  52 A                                            0.00 XXX   0 X    0.00 XXX   0 X    0.14 C-  316 A
TYR  52 A                                            0.00 XXX   0 X    0.00 XXX   0 X    0.02 TYR  46 A

TYR  62 A  14.98   100 %    4.14  690   0.00    0    0.00 XXX   0 X    0.00 XXX   0 X    0.20 GLU  35 A
TYR  62 A                                            0.00 XXX   0 X    0.00 XXX   0 X    0.07 TYR  74 A
TYR  62 A                                            0.00 XXX   0 X    0.00 XXX   0 X    0.57 ASP 101 A

TYR  74 A  11.65    63 %    2.83  459   0.00    0   -0.85 SER  67 A    0.00 XXX   0 X   -0.20 ARG  60 A
TYR  74 A                                           -0.20 ASN 228 A    0.00 XXX   0 X    0.02 ASP  66 A
TYR  74 A                                            0.00 XXX   0 X    0.00 XXX   0 X    0.05 ASP  82 A
TYR  74 A                                            0.00 XXX   0 X    0.00 XXX   0 X   -0.01 ARG 231 A

TYR 109 A  13.02    96 %    3.10  550   0.00    0   -0.02 THR 240 A    0.00 XXX   0 X   -0.06 ARG 131 A

TYR 150 A  13.81   100 %    2.74  630   0.00    0   -0.04 TYR 230 A    0.00 XXX   0 X    0.13 ASP 260 A
TYR 150 A                                            0.00 XXX   0 X    0.00 XXX   0 X    0.98 ASP 101 A

TYR 213 A  12.71    65 %    2.30  463   0.00    0   -0.57 TRP  37 A    0.00 XXX   0 X    0.28 ASP  64 A
TYR 213 A                                            0.00 XXX   0 X    0.00 XXX   0 X    0.17 TYR  38 A
TYR 213 A                                            0.00 XXX   0 X    0.00 XXX   0 X    0.53 ASP  58 A

TYR 214 A  13.44   100 %    4.21  609   0.00    0   -0.85 SER  39 A    0.00 XXX   0 X   -1.42 ARG  41 A
TYR 214 A                                           -0.18 ARG  41 A    0.00 XXX   0 X    0.01 ASP  58 A
TYR 214 A                                           -0.12 GLN 299 A    0.00 XXX   0 X    0.34 ASP 210 A
TYR 214 A                                            0.00 XXX   0 X    0.00 XXX   0 X    0.33 TYR  38 A
TYR 214 A                                            0.00 XXX   0 X    0.00 XXX   0 X    0.12 TYR 213 A
TYR 214 A                                            0.00 XXX   0 X    0.00 XXX   0 X    1.01 GLU  35 A

TYR 229 A  16.10   100 %    4.42  647   0.00    0    0.00 XXX   0 X    0.00 XXX   0 X   -0.33 ARG  60 A
TYR 229 A                                            0.00 XXX   0 X    0.00 XXX   0 X    0.97 TYR  62 A
TYR 229 A                                            0.00 XXX   0 X    0.00 XXX   0 X    0.49 TYR  74 A
TYR 229 A                                            0.00 XXX   0 X    0.00 XXX   0 X    0.56 ASP  82 A

TYR 230 A  17.74   100 %    4.11  668   0.00    0   -0.48 TRP 102 A    0.00 XXX   0 X    0.85 TYR  62 A
TYR 230 A                                            0.04 TYR 150 A    0.00 XXX   0 X    1.69 TYR 150 A
TYR 230 A                                            0.00 XXX   0 X    0.00 XXX   0 X    1.53 ASP 101 A

TYR 263 A  11.28    24 %    1.20  348   0.00    0    0.00 XXX   0 X    0.00 XXX   0 X    0.05 ASP 258 A
TYR 263 A                                            0.00 XXX   0 X    0.00 XXX   0 X    0.02 GLU 270 A

TYR 271 A  14.42    65 %    3.03  464   0.00    0    0.76 ASP 280 A    0.00 XXX   0 X    0.62 ASP 280 A

LYS  15 A  10.57     0 %   -0.09  154   0.00    0    0.00 XXX   0 X    0.00 XXX   0 X    0.17 ASP  66 A

LYS  94 A  10.54     0 %   -0.23  233   0.00    0    0.00 XXX   0 X    0.00 XXX   0 X    0.19 GLU  93 A
LYS  94 A                                            0.00 XXX   0 X    0.00 XXX   0 X    0.10 ASP 116 A
LYS  94 A                                            0.00 XXX   0 X    0.00 XXX   0 X   -0.02 ARG 117 A

LYS 119 A  10.16    15 %   -0.52  323   0.00    0    0.00 XXX   0 X    0.00 XXX   0 X    0.04 GLU  93 A
LYS 119 A                                            0.00 XXX   0 X    0.00 XXX   0 X    0.19 C-  316 A
LYS 119 A                                            0.00 XXX   0 X    0.00 XXX   0 X   -0.06 LYS  94 A

LYS 174 A  11.38     0 %   -0.48  273   0.00    0    0.85 GLU 208 A    0.00 XXX   0 X    0.06 ASP 168 A
LYS 174 A                                            0.00 XXX   0 X    0.00 XXX   0 X    0.07 CYS 178 A
LYS 174 A                                            0.00 XXX   0 X    0.00 XXX   0 X    0.38 GLU 208 A

LYS 189 A  11.41     0 %   -0.35  225   0.00    0    0.85 GLU 159 A    0.00 XXX   0 X   -0.12 ARG 153 A
LYS 189 A                                            0.00 XXX   0 X    0.00 XXX   0 X    0.07 GLU 162 A
LYS 189 A                                            0.00 XXX   0 X    0.00 XXX   0 X    0.00 ASP 163 A
LYS 189 A                                            0.00 XXX   0 X    0.00 XXX   0 X    0.07 GLU 190 A
LYS 189 A                                            0.00 XXX   0 X    0.00 XXX   0 X    0.38 GLU 159 A

LYS 217 A  11.19    29 %   -0.90  362   0.00    0    0.85 ASP  64 A    0.00 XXX   0 X    0.24 ASP  58 A
LYS 217 A                                            0.00 XXX   0 X    0.00 XXX   0 X    0.51 ASP  64 A

LYS 219 A  10.51     0 %   -0.10  183   0.00    0    0.00 XXX   0 X    0.00 XXX   0 X    0.11 ASP 168 A

LYS 253 A  10.16    42 %   -1.72  399   0.00    0    0.85 GLU 286 A    0.00 XXX   0 X    0.03 GLU 285 A
LYS 253 A                                            0.00 XXX   0 X    0.00 XXX   0 X    0.01 GLU 304 A
LYS 253 A                                            0.00 XXX   0 X    0.00 XXX   0 X    0.15 ASP 311 A
LYS 253 A                                            0.00 XXX   0 X    0.00 XXX   0 X   -0.17 LYS 315 A
LYS 253 A                                            0.00 XXX   0 X    0.00 XXX   0 X    0.51 GLU 286 A

LYS 269 A  10.16     0 %   -0.45  281   0.00    0    0.00 XXX   0 X    0.00 XXX   0 X    0.04 ASP 258 A
LYS 269 A                                            0.00 XXX   0 X    0.00 XXX   0 X    0.07 GLU 270 A

LYS 278 A  10.08     0 %   -0.48  278   0.00    0    0.00 XXX   0 X    0.00 XXX   0 X    0.06 GLU 285 A

LYS 279 A  10.57     0 %   -0.10  188   0.00    0    0.00 XXX   0 X    0.00 XXX   0 X    0.18 ASP 280 A

LYS 291 A  10.56     0 %   -0.06  119   0.00    0    0.00 XXX   0 X    0.00 XXX   0 X    0.05 ASP 258 A
LYS 291 A                                            0.00 XXX   0 X    0.00 XXX   0 X    0.07 ASP 292 A

LYS 315 A  11.40     0 %   -0.42  276   0.00    0    0.71 GLU 285 A    0.00 XXX   0 X    0.18 GLU 286 A
LYS 315 A                                            0.00 XXX   0 X    0.00 XXX   0 X    0.04 ASP 311 A
LYS 315 A                                            0.00 XXX   0 X    0.00 XXX   0 X    0.39 GLU 285 A

ARG  41 A  13.02    85 %   -2.75  518   0.00    0    0.18 TYR 214 A    0.00 XXX   0 X    0.08 GLU  35 A
ARG  41 A                                            0.12 ASP 210 A    0.00 XXX   0 X    0.63 TYR  38 A
ARG  41 A                                            0.00 XXX   0 X    0.00 XXX   0 X    0.02 GLU 209 A
ARG  41 A                                            0.00 XXX   0 X    0.00 XXX   0 X    1.42 TYR 214 A
ARG  41 A                                            0.00 XXX   0 X    0.00 XXX   0 X    0.81 ASP 210 A

ARG  53 A  11.82    31 %   -0.75  368   0.00    0    0.00 XXX   0 X    0.00 XXX   0 X    0.07 GLU   5 A

ARG  60 A  13.61    51 %   -1.81  424   0.00    0    1.55 ASP  82 A    0.00 XXX   0 X    0.03 ASP  66 A
ARG  60 A                                            0.00 XXX   0 X    0.00 XXX   0 X    0.20 TYR  74 A
ARG  60 A                                            0.00 XXX   0 X    0.00 XXX   0 X    0.33 TYR 229 A
ARG  60 A                                            0.00 XXX   0 X    0.00 XXX   0 X    0.82 ASP  82 A

ARG 114 A  14.20     2 %   -0.41  287   0.00    0    1.59 ASP 116 A    0.00 XXX   0 X    0.13 ASP  88 A
ARG 114 A                                            0.00 XXX   0 X    0.00 XXX   0 X    0.39 ASP 116 A

ARG 117 A  12.75    15 %   -0.77  322   0.00    0    0.64 ASP  88 A    0.00 XXX   0 X    0.08 GLU  93 A
ARG 117 A                                            0.00 XXX   0 X    0.00 XXX   0 X    0.16 ASP 116 A
ARG 117 A                                            0.00 XXX   0 X    0.00 XXX   0 X   -0.24 ARG 114 A
ARG 117 A                                            0.00 XXX   0 X    0.00 XXX   0 X    0.39 ASP  88 A

ARG 131 A  11.90     0 %   -0.69  278   0.00    0    0.00 XXX   0 X    0.00 XXX   0 X    0.06 TYR 109 A
ARG 131 A                                            0.00 XXX   0 X    0.00 XXX   0 X    0.03 GLU 238 A

ARG 142 A  14.19     9 %   -0.48  307   0.00    0    0.61 GLU 139 A    0.00 XXX   0 X    0.41 CYS 152 A
ARG 142 A                                            0.51 ASP 147 A    0.00 XXX   0 X    0.12 ASP 234 A
ARG 142 A                                            0.00 XXX   0 X    0.00 XXX   0 X    0.27 GLU 139 A
ARG 142 A                                            0.00 XXX   0 X    0.00 XXX   0 X    0.26 ASP 147 A

ARG 153 A  12.08    26 %   -0.98  355   0.00    0    0.00 XXX   0 X    0.00 XXX   0 X    0.13 ASP 148 A
ARG 153 A                                            0.00 XXX   0 X    0.00 XXX   0 X    0.00 CYS 152 A
ARG 153 A                                            0.00 XXX   0 X    0.00 XXX   0 X    0.14 GLU 159 A
ARG 153 A                                            0.00 XXX   0 X    0.00 XXX   0 X    0.23 ASP 163 A
ARG 153 A                                            0.00 XXX   0 X    0.00 XXX   0 X    0.07 GLU 190 A
ARG 153 A                                            0.00 XXX   0 X    0.00 XXX   0 X   -0.02 ARG 194 A

ARG 180 A  13.92    13 %   -0.46  317   0.00    0    0.79 GLU 300 A    0.00 XXX   0 X    0.02 CYS 178 A
ARG 180 A                                            0.00 XXX   0 X    0.00 XXX   0 X    0.06 ASP 258 A
ARG 180 A                                            0.00 XXX   0 X    0.00 XXX   0 X    0.07 ASP 292 A
ARG 180 A                                            0.00 XXX   0 X    0.00 XXX   0 X    0.49 CYS 294 A
ARG 180 A                                            0.00 XXX   0 X    0.00 XXX   0 X    0.45 GLU 300 A

ARG 194 A  12.48     0 %   -0.20  199   0.00    0    0.00 XXX   0 X    0.00 XXX   0 X    0.17 ASP 163 A
ARG 194 A                                            0.00 XXX   0 X    0.00 XXX   0 X    0.02 GLU 190 A

ARG 231 A  12.71    50 %   -1.88  421   0.00    0    1.45 GLU 161 A    0.00 XXX   0 X    0.01 TYR  74 A
ARG 231 A                                            0.00 XXX   0 X    0.00 XXX   0 X    0.02 GLU 159 A
ARG 231 A                                            0.00 XXX   0 X    0.00 XXX   0 X    0.62 GLU 161 A

ARG 301 A  12.59    11 %   -0.52  311   0.00    0    0.00 XXX   0 X    0.00 XXX   0 X    0.05 ASP 258 A
ARG 301 A                                            0.00 XXX   0 X    0.00 XXX   0 X    0.10 ASP 292 A
ARG 301 A                                            0.00 XXX   0 X    0.00 XXX   0 X    0.06 CYS 294 A
ARG 301 A                                            0.00 XXX   0 X    0.00 XXX   0 X    0.38 GLU 300 A
ARG 301 A                                            0.00 XXX   0 X    0.00 XXX   0 X    0.14 GLU 304 A
ARG 301 A                                            0.00 XXX   0 X    0.00 XXX   0 X   -0.12 ARG 180 A

N+    1 A   7.87     0 %   -0.37  259   0.00    0    0.00 XXX   0 X    0.00 XXX   0 X    0.22 ASP   2 A
N+    1 A                                            0.00 XXX   0 X    0.00 XXX   0 X    0.02 GLU 209 A


2026-07-14 11:33:12,530 INFO:output.py:227:print_pka_section:pKa summary:
--------------------------------------------------------------------------------------------------------
SUMMARY OF THIS PREDICTION
       Group      pKa  model-pKa   ligand atom-type
   ASP   2 A     3.69       3.80                      
   ASP  58 A     2.77       3.80                      
   ASP  64 A     3.29       3.80                      
   ASP  66 A     3.34       3.80                      
   ASP  82 A     5.12       3.80                      
   ASP  88 A     3.08       3.80                      
   ASP 101 A     2.15       3.80                      
   ASP 104 A    11.39       3.80                      
   ASP 116 A     1.82       3.80                      
   ASP 147 A     3.31       3.80                      
   ASP 148 A     4.32       3.80                      
   ASP 163 A     4.13       3.80                      
   ASP 168 A     3.19       3.80                      
   ASP 210 A     2.52       3.80                      
   ASP 234 A     4.82       3.80                      
   ASP 258 A     2.63       3.80                      
   ASP 260 A     2.94       3.80                      
   ASP 280 A     4.18       3.80                      
   ASP 292 A     3.96       3.80                      
   ASP 311 A     3.67       3.80                      
   GLU   5 A     4.58       4.50                      
   GLU  35 A     3.13       4.50                      
   GLU  89 A     4.70       4.50                      
   GLU  93 A     4.37       4.50                      
   GLU 139 A     4.00       4.50                      
   GLU 159 A     3.54       4.50                      
   GLU 161 A     2.61       4.50                      
   GLU 162 A     4.71       4.50                      
   GLU 190 A     3.83       4.50                      
   GLU 200 A     4.56       4.50                      
   GLU 208 A     3.72       4.50                      
   GLU 209 A     4.74       4.50                      
   GLU 238 A     4.67       4.50                      
   GLU 270 A     4.00       4.50                      
   GLU 285 A     4.01       4.50                      
   GLU 286 A     3.47       4.50                      
   GLU 300 A     4.11       4.50                      
   GLU 304 A     4.75       4.50                      
   C-  316 A     3.31       3.20                      
   HIS   6 A     5.18       6.50                      
   HIS  17 A     7.39       6.50                      
   HIS  31 A     5.21       6.50                      
   HIS  42 A     4.50       6.50                      
   HIS  78 A     5.36       6.50                      
   HIS 100 A     7.41       6.50                      
   HIS 264 A     6.40       6.50                      
   HIS 273 A     6.14       6.50                      
   HIS 295 A    10.87       6.50                      
   HIS 308 A     5.30       6.50                      
   HIS 310 A     6.03       6.50                      
   CYS 111 A    12.91       9.00                      
   CYS 152 A    10.81       9.00                      
   CYS 178 A    11.03       9.00                      
   CYS 186 A    10.03       9.00                      
   CYS 294 A    10.83       9.00                      
   TYR  38 A    12.29      10.00                      
   TYR  46 A    10.69      10.00                      
   TYR  52 A    11.24      10.00                      
   TYR  62 A    14.98      10.00                      
   TYR  74 A    11.65      10.00                      
   TYR 109 A    13.02      10.00                      
   TYR 150 A    13.81      10.00                      
   TYR 213 A    12.71      10.00                      
   TYR 214 A    13.44      10.00                      
   TYR 229 A    16.10      10.00                      
   TYR 230 A    17.74      10.00                      
   TYR 263 A    11.28      10.00                      
   TYR 271 A    14.42      10.00                      
   LYS  15 A    10.57      10.50                      
   LYS  94 A    10.54      10.50                      
   LYS 119 A    10.16      10.50                      
   LYS 174 A    11.38      10.50                      
   LYS 189 A    11.41      10.50                      
   LYS 217 A    11.19      10.50                      
   LYS 219 A    10.51      10.50                      
   LYS 253 A    10.16      10.50                      
   LYS 269 A    10.16      10.50                      
   LYS 278 A    10.08      10.50                      
   LYS 279 A    10.57      10.50                      
   LYS 291 A    10.56      10.50                      
   LYS 315 A    11.40      10.50                      
   ARG  41 A    13.02      12.50                      
   ARG  53 A    11.82      12.50                      
   ARG  60 A    13.61      12.50                      
   ARG 114 A    14.20      12.50                      
   ARG 117 A    12.75      12.50                      
   ARG 131 A    11.90      12.50                      
   ARG 142 A    14.19      12.50                      
   ARG 153 A    12.08      12.50                      
   ARG 180 A    13.92      12.50                      
   ARG 194 A    12.48      12.50                      
   ARG 231 A    12.71      12.50                      
   ARG 301 A    12.59      12.50                      
   N+    1 A     7.87       8.00                      

2026-07-14 11:33:12,601 INFO:main.py:648:non_trivial:PROPKA information:
--------------------------------------------------------------------------------------------------------
Free energy of   folding (kcal/mol) as a function of pH (using neutral reference)
  0.00     28.69
  1.00     28.51
  2.00     27.16
  3.00     21.69
  4.00     13.09
  5.00      8.91
  6.00      6.12
  7.00      5.54
  8.00      8.41
  9.00     13.45
 10.00     25.00
 11.00     44.44
 12.00     62.27
 13.00     76.54
 14.00     87.82

The pH of optimum stability is  6.6 for which the free energy is    5.2 kcal/mol at 298K
Could not determine pH values where the free energy is within 80 % of minimum
Could not determine the pH-range where the free energy is negative


Protein charge of folded and unfolded state as a function of pH
    pH  unfolded  folded
  0.00     37.00   36.96
  0.10     36.99   36.95
  0.20     36.99   36.94
  0.30     36.99   36.92
  0.40     36.99   36.90
  0.50     36.99   36.88
  0.60     36.98   36.85
  0.70     36.98   36.81
  0.80     36.97   36.76
  0.90     36.97   36.70
  1.00     36.96   36.63
  1.10     36.95   36.55
  1.20     36.93   36.44
  1.30     36.91   36.31
  1.40     36.89   36.16
  1.50     36.86   35.98
  1.60     36.83   35.76
  1.70     36.78   35.51
  1.80     36.73   35.22
  1.90     36.66   34.88
  2.00     36.57   34.49
  2.10     36.46   34.06
  2.20     36.33   33.56
  2.30     36.16   33.01
  2.40     35.95   32.39
  2.50     35.70   31.71
  2.60     35.39   30.96
  2.70     35.01   30.14
  2.80     34.54   29.26
  2.90     33.99   28.30
  3.00     33.32   27.28
  3.10     32.54   26.19
  3.20     31.62   25.04
  3.30     30.56   23.84
  3.40     29.36   22.59
  3.50     28.01   21.29
  3.60     26.52   19.96
  3.70     24.91   18.59
  3.80     23.18   17.20
  3.90     21.38   15.80
  4.00     19.51   14.38
  4.10     17.62   12.96
  4.20     15.72   11.55
  4.30     13.85   10.15
  4.40     12.02    8.77
  4.50     10.27    7.41
  4.60      8.61    6.10
  4.70      7.06    4.82
  4.80      5.64    3.60
  4.90      4.35    2.44
  5.00      3.19    1.34
  5.10      2.16    0.31
  5.20      1.24   -0.65
  5.30      0.43   -1.53
  5.40     -0.30   -2.35
  5.50     -0.97   -3.10
  5.60     -1.60   -3.78
  5.70     -2.19   -4.40
  5.80     -2.78   -4.97
  5.90     -3.37   -5.48
  6.00     -3.98   -5.96
  6.10     -4.61   -6.39
  6.20     -5.27   -6.79
  6.30     -5.94   -7.16
  6.40     -6.64   -7.50
  6.50     -7.33   -7.82
  6.60     -8.02   -8.11
  6.70     -8.69   -8.38
  6.80     -9.32   -8.64
  6.90     -9.91   -8.89
  7.00    -10.45   -9.13
  7.10    -10.93   -9.36
  7.20    -11.37   -9.59
  7.30    -11.76   -9.81
  7.40    -12.11  -10.03
  7.50    -12.43  -10.24
  7.60    -12.72  -10.45
  7.70    -12.99  -10.64
  7.80    -13.26  -10.83
  7.90    -13.52  -11.01
  8.00    -13.78  -11.17
  8.10    -14.05  -11.33
  8.20    -14.35  -11.47
  8.30    -14.66  -11.60
  8.40    -15.00  -11.72
  8.50    -15.38  -11.84
  8.60    -15.80  -11.96
  8.70    -16.26  -12.07
  8.80    -16.77  -12.20
  8.90    -17.34  -12.33
  9.00    -17.96  -12.48
  9.10    -18.64  -12.65
  9.20    -19.39  -12.85
  9.30    -20.21  -13.09
  9.40    -21.10  -13.37
  9.50    -22.07  -13.69
  9.60    -23.13  -14.08
  9.70    -24.28  -14.52
  9.80    -25.51  -15.04
  9.90    -26.82  -15.62
 10.00    -28.19  -16.28
 10.10    -29.62  -17.02
 10.20    -31.07  -17.82
 10.30    -32.52  -18.69
 10.40    -33.95  -19.62
 10.50    -35.34  -20.60
 10.60    -36.66  -21.63
 10.70    -37.90  -22.69
 10.80    -39.04  -23.78
 10.90    -40.07  -24.88
 11.00    -41.01  -25.99
 11.10    -41.85  -27.10
 11.20    -42.61  -28.21
 11.30    -43.29  -29.29
 11.40    -43.91  -30.36
 11.50    -44.49  -31.40
 11.60    -45.05  -32.41
 11.70    -45.61  -33.39
 11.80    -46.16  -34.34
 11.90    -46.74  -35.26
 12.00    -47.35  -36.16
 12.10    -47.99  -37.03
 12.20    -48.67  -37.88
 12.30    -49.37  -38.72
 12.40    -50.10  -39.54
 12.50    -50.83  -40.36
 12.60    -51.55  -41.15
 12.70    -52.25  -41.94
 12.80    -52.91  -42.71
 12.90    -53.51  -43.46
 13.00    -54.06  -44.19
 13.10    -54.55  -44.90
 13.20    -54.97  -45.59
 13.30    -55.33  -46.25
 13.40    -55.64  -46.89
 13.50    -55.89  -47.50
 13.60    -56.10  -48.09
 13.70    -56.28  -48.66
 13.80    -56.42  -49.21
 13.90    -56.53  -49.74
 14.00    -56.63  -50.25
The pI is  5.13 (folded) and  5.36 (unfolded)

--------------------------------------------------------------------------------------------------------
2026-07-14 11:33:12,601 INFO:biomolecule.py:797:apply_pka_values:Applying pKa values at a pH of 7.00:
2026-07-14 11:33:12,603 INFO:main.py:661:non_trivial:Adding hydrogens to biomolecule.
2026-07-14 11:33:12,930 INFO:main.py:664:non_trivial:Debumping biomolecule (again).
2026-07-14 11:33:13,434 INFO:main.py:666:non_trivial:Optimizing hydrogen bonds
2026-07-14 11:33:14,225 INFO:main.py:678:non_trivial:Applying force field to biomolecule states.
2026-07-14 11:33:14,228 INFO:main.py:725:non_trivial:Regenerating headers.
2026-07-14 11:33:14,229 INFO:main.py:750:non_trivial:Regenerating PDB lines.
2026-07-14 11:33:14,303 WARNING:main.py:326:print_pqr:Ignoring 466 header lines in output.
2026-07-14 11:33:14,321 WARNING:main.py:369:print_pdb:Ignoring 466 header lines in output.
